{"logTime": "0319/224159", "correlationVector":"djE+SOAwpbtHoNm6a3ytPq.2","action":"Commit Response", "result":"SYNCER_OK", "context":Result: SYNCER_OK. cV=djE+SOAwpbtHoNm6a3ytPq.0;server=GENERAL0100000S;cloudType=Consumer;environment=Prod_WestEurope_000l;migrationStage=NotStarted}
{"logTime": "0319/224159", "correlationVector":"I0CGXQvguTtTO6dDIkNfpv","action":"Commit Request", "result":"", "context":Item count: 20
Contributing types: Autofill}
{"logTime": "0319/224200", "correlationVector":"I0CGXQvguTtTO6dDIkNfpv.1","action":"SyncServerConnectionManagerRequest", "result":"SYNC_SERVER_OK", "context":{"environment":"Prod_WestEurope_000l", "migrationStage":"NotStarted", "server":"GENERAL01000004"}}
{"logTime": "0319/224200", "correlationVector":"I0CGXQvguTtTO6dDIkNfpv.2","action":"Commit Response", "result":"SYNCER_OK", "context":Result: SYNCER_OK. cV=I0CGXQvguTtTO6dDIkNfpv.0;server=GENERAL01000004;cloudType=Consumer;environment=Prod_WestEurope_000l;migrationStage=NotStarted}
{"logTime": "0319/224200", "correlationVector":"m4YxO7RLc6SrvatJwgqodo","action":"Commit Request", "result":"", "context":Item count: 20
Contributing types: Autofill}
{"logTime": "0319/224201", "correlationVector":"m4YxO7RLc6SrvatJwgqodo.1","action":"SyncServerConnectionManagerRequest", "result":"SYNC_SERVER_OK", "context":{"environment":"Prod_WestEurope_000l", "migrationStage":"NotStarted", "server":"GENERAL01000020"}}
{"logTime": "0319/224201", "correlationVector":"m4YxO7RLc6SrvatJwgqodo.2","action":"Commit Response", "result":"SYNCER_OK", "context":Result: SYNCER_OK. cV=m4YxO7RLc6SrvatJwgqodo.0;server=GENERAL01000020;cloudType=Consumer;environment=Prod_WestEurope_000l;migrationStage=NotStarted}
{"logTime": "0319/224201", "correlationVector":"MzMJ5X4Lc4EXz6RXiE41xG","action":"Commit Request", "result":"", "context":Item count: 20
Contributing types: Autofill}
{"logTime": "0319/224202", "correlationVector":"MzMJ5X4Lc4EXz6RXiE41xG.1","action":"SyncServerConnectionManagerRequest", "result":"SYNC_SERVER_OK", "context":{"environment":"Prod_WestEurope_000l", "migrationStage":"NotStarted", "server":"GENERAL0100000Y"}}
{"logTime": "0319/224202", "correlationVector":"MzMJ5X4Lc4EXz6RXiE41xG.2","action":"Commit Response", "result":"SYNCER_OK", "context":Result: SYNCER_OK. cV=MzMJ5X4Lc4EXz6RXiE41xG.0;server=GENERAL0100000Y;cloudType=Consumer;environment=Prod_WestEurope_000l;migrationStage=NotStarted}
{"logTime": "0319/224202", "correlationVector":"LC8w03QItZExwMQq4z5N4B","action":"Commit Request", "result":"", "context":Item count: 20
Contributing types: Autofill}
{"logTime": "0319/224202", "correlationVector":"LC8w03QItZExwMQq4z5N4B.1","action":"SyncServerConnectionManagerRequest", "result":"SYNC_SERVER_OK", "context":{"environment":"Prod_WestEurope_000l", "migrationStage":"NotStarted", "server":"GENERAL0100000I"}}
{"logTime": "0319/224202", "correlationVector":"LC8w03QItZExwMQq4z5N4B.2","action":"Commit Response", "result":"SYNCER_OK", "context":Result: SYNCER_OK. cV=LC8w03QItZExwMQq4z5N4B.0;server=GENERAL0100000I;cloudType=Consumer;environment=Prod_WestEurope_000l;migrationStage=NotStarted}
{"logTime": "0319/224202", "correlationVector":"RamXEYe2gXZieVwpvcxmBH","action":"Commit Request", "result":"", "context":Item count: 20
Contributing types: Autofill}
{"logTime": "0319/224203", "correlationVector":"RamXEYe2gXZieVwpvcxmBH.1","action":"SyncServerConnectionManagerRequest", "result":"SYNC_SERVER_OK", "context":{"environment":"Prod_WestEurope_000l", "migrationStage":"NotStarted", "server":"GENERAL01000020"}}
{"logTime": "0319/224203", "correlationVector":"RamXEYe2gXZieVwpvcxmBH.2","action":"Commit Response", "result":"SYNCER_OK", "context":Result: SYNCER_OK. cV=RamXEYe2gXZieVwpvcxmBH.0;server=GENERAL01000020;cloudType=Consumer;environment=Prod_WestEurope_000l;migrationStage=NotStarted}
{"logTime": "0319/224203", "correlationVector":"zCzWaeCyTwJf3/negWSobX","action":"Commit Request", "result":"", "context":Item count: 20
Contributing types: Autofill}
{"logTime": "0319/224204", "correlationVector":"zCzWaeCyTwJf3/negWSobX.1","action":"SyncServerConnectionManagerRequest", "result":"SYNC_SERVER_OK", "context":{"environment":"Prod_WestEurope_000l", "migrationStage":"NotStarted", "server":"GENERAL01000018"}}
{"logTime": "0319/224204", "correlationVector":"zCzWaeCyTwJf3/negWSobX.2","action":"Commit Response", "result":"SYNCER_OK", "context":Result: SYNCER_OK. cV=zCzWaeCyTwJf3/negWSobX.0;server=GENERAL01000018;cloudType=Consumer;environment=Prod_WestEurope_000l;migrationStage=NotStarted}
{"logTime": "0319/224204", "correlationVector":"/QpnZAzH0RwvdHGnilBSvv","action":"Commit Request", "result":"", "context":Item count: 20
Contributing types: Autofill}
{"logTime": "0319/224205", "correlationVector":"/QpnZAzH0RwvdHGnilBSvv.1","action":"SyncServerConnectionManagerRequest", "result":"SYNC_SERVER_OK", "context":{"environment":"Prod_WestEurope_000l", "migrationStage":"NotStarted", "server":"GENERAL0100000Y"}}
{"logTime": "0319/224205", "correlationVector":"/QpnZAzH0RwvdHGnilBSvv.2","action":"Commit Response", "result":"SYNCER_OK", "context":Result: SYNCER_OK. cV=/QpnZAzH0RwvdHGnilBSvv.0;server=GENERAL0100000Y;cloudType=Consumer;environment=Prod_WestEurope_000l;migrationStage=NotStarted}
{"logTime": "0319/224205", "correlationVector":"KvX3yf61kIFpamm9KLddEg","action":"Commit Request", "result":"", "context":Item count: 20
Contributing types: Autofill}
{"logTime": "0319/224206", "correlationVector":"KvX3yf61kIFpamm9KLddEg.1","action":"SyncServerConnectionManagerRequest", "result":"SYNC_SERVER_OK", "context":{"environment":"Prod_WestEurope_000l", "migrationStage":"NotStarted", "server":"GENERAL01000011"}}
{"logTime": "0319/224206", "correlationVector":"KvX3yf61kIFpamm9KLddEg.2","action":"Commit Response", "result":"SYNCER_OK", "context":Result: SYNCER_OK. cV=KvX3yf61kIFpamm9KLddEg.0;server=GENERAL01000011;cloudType=Consumer;environment=Prod_WestEurope_000l;migrationStage=NotStarted}
{"logTime": "0319/224206", "correlationVector":"hQnnTAkMdoQyxuy8gF04CR","action":"Commit Request", "result":"", "context":Item count: 20
Contributing types: Autofill}
{"logTime": "0319/224207", "correlationVector":"hQnnTAkMdoQyxuy8gF04CR.1","action":"SyncServerConnectionManagerRequest", "result":"SYNC_SERVER_OK", "context":{"environment":"Prod_WestEurope_000l", "migrationStage":"NotStarted", "server":"GENERAL0100000C"}}
{"logTime": "0319/224207", "correlationVector":"hQnnTAkMdoQyxuy8gF04CR.2","action":"Commit Response", "result":"SYNCER_OK", "context":Result: SYNCER_OK. cV=hQnnTAkMdoQyxuy8gF04CR.0;server=GENERAL0100000C;cloudType=Consumer;environment=Prod_WestEurope_000l;migrationStage=NotStarted}
{"logTime": "0319/224207", "correlationVector":"eAOuBoRhJ84Uji10HTax7v","action":"Commit Request", "result":"", "context":Item count: 20
Contributing types: Autofill}
{"logTime": "0319/224208", "correlationVector":"eAOuBoRhJ84Uji10HTax7v.1","action":"SyncServerConnectionManagerRequest", "result":"SYNC_SERVER_OK", "context":{"environment":"Prod_WestEurope_000l", "migrationStage":"NotStarted", "server":"GENERAL01000003"}}
{"logTime": "0319/224208", "correlationVector":"eAOuBoRhJ84Uji10HTax7v.2","action":"Commit Response", "result":"SYNCER_OK", "context":Result: SYNCER_OK. cV=eAOuBoRhJ84Uji10HTax7v.0;server=GENERAL01000003;cloudType=Consumer;environment=Prod_WestEurope_000l;migrationStage=NotStarted}
{"logTime": "0319/224208", "correlationVector":"Sx/PBBYXiTVqqosJ1vwM/J","action":"Commit Request", "result":"", "context":Item count: 20
Contributing types: Autofill}
{"logTime": "0319/224209", "correlationVector":"Sx/PBBYXiTVqqosJ1vwM/J.1","action":"SyncServerConnectionManagerRequest", "result":"SYNC_SERVER_OK", "context":{"environment":"Prod_WestEurope_000l", "migrationStage":"NotStarted", "server":"GENERAL0100001Y"}}
{"logTime": "0319/224209", "correlationVector":"Sx/PBBYXiTVqqosJ1vwM/J.2","action":"Commit Response", "result":"SYNCER_OK", "context":Result: SYNCER_OK. cV=Sx/PBBYXiTVqqosJ1vwM/J.0;server=GENERAL0100001Y;cloudType=Consumer;environment=Prod_WestEurope_000l;migrationStage=NotStarted}
{"logTime": "0319/224209", "correlationVector":"WQp4EFzocNVZUssBbPcYzE","action":"Commit Request", "result":"", "context":Item count: 20
Contributing types: Autofill}
{"logTime": "0319/224210", "correlationVector":"WQp4EFzocNVZUssBbPcYzE.1","action":"SyncServerConnectionManagerRequest", "result":"SYNC_SERVER_OK", "context":{"environment":"Prod_WestEurope_000l", "migrationStage":"NotStarted", "server":"GENERAL01000003"}}
{"logTime": "0319/224210", "correlationVector":"WQp4EFzocNVZUssBbPcYzE.2","action":"Commit Response", "result":"SYNCER_OK", "context":Result: SYNCER_OK. cV=WQp4EFzocNVZUssBbPcYzE.0;server=GENERAL01000003;cloudType=Consumer;environment=Prod_WestEurope_000l;migrationStage=NotStarted}
{"logTime": "0319/224210", "correlationVector":"xpqxuJuEuV64BDbLm9NazK","action":"Commit Request", "result":"", "context":Item count: 20
Contributing types: Autofill}
{"logTime": "0319/224210", "correlationVector":"xpqxuJuEuV64BDbLm9NazK.1","action":"SyncServerConnectionManagerRequest", "result":"SYNC_SERVER_OK", "context":{"environment":"Prod_WestEurope_000l", "migrationStage":"NotStarted", "server":"GENERAL01000020"}}
{"logTime": "0319/224210", "correlationVector":"xpqxuJuEuV64BDbLm9NazK.2","action":"Commit Response", "result":"SYNCER_OK", "context":Result: SYNCER_OK. cV=xpqxuJuEuV64BDbLm9NazK.0;server=GENERAL01000020;cloudType=Consumer;environment=Prod_WestEurope_000l;migrationStage=NotStarted}
{"logTime": "0319/224210", "correlationVector":"dscaguVdyDnMD0GIGYnqwv","action":"Commit Request", "result":"", "context":Item count: 20
Contributing types: Autofill}
{"logTime": "0319/224211", "correlationVector":"dscaguVdyDnMD0GIGYnqwv.1","action":"SyncServerConnectionManagerRequest", "result":"SYNC_SERVER_OK", "context":{"environment":"Prod_WestEurope_000l", "migrationStage":"NotStarted", "server":"GENERAL0100001Z"}}
{"logTime": "0319/224211", "correlationVector":"dscaguVdyDnMD0GIGYnqwv.2","action":"Commit Response", "result":"SYNCER_OK", "context":Result: SYNCER_OK. cV=dscaguVdyDnMD0GIGYnqwv.0;server=GENERAL0100001Z;cloudType=Consumer;environment=Prod_WestEurope_000l;migrationStage=NotStarted}
{"logTime": "0319/224211", "correlationVector":"JrDLYLMxAuGlCMxPUxc1e6","action":"Commit Request", "result":"", "context":Item count: 20
Contributing types: Autofill}
{"logTime": "0319/224212", "correlationVector":"JrDLYLMxAuGlCMxPUxc1e6.1","action":"SyncServerConnectionManagerRequest", "result":"SYNC_SERVER_OK", "context":{"environment":"Prod_WestEurope_000l", "migrationStage":"NotStarted", "server":"GENERAL0100001Y"}}
{"logTime": "0319/224212", "correlationVector":"JrDLYLMxAuGlCMxPUxc1e6.2","action":"Commit Response", "result":"SYNCER_OK", "context":Result: SYNCER_OK. cV=JrDLYLMxAuGlCMxPUxc1e6.0;server=GENERAL0100001Y;cloudType=Consumer;environment=Prod_WestEurope_000l;migrationStage=NotStarted}
{"logTime": "0319/224212", "correlationVector":"d6clT69eIKSXf6jRfA8wq7","action":"Commit Request", "result":"", "context":Item count: 20
Contributing types: Autofill}
{"logTime": "0319/224213", "correlationVector":"d6clT69eIKSXf6jRfA8wq7.1","action":"SyncServerConnectionManagerRequest", "result":"SYNC_SERVER_OK", "context":{"environment":"Prod_WestEurope_000l", "migrationStage":"NotStarted", "server":"GENERAL0100000W"}}
{"logTime": "0319/224213", "correlationVector":"d6clT69eIKSXf6jRfA8wq7.2","action":"Commit Response", "result":"SYNCER_OK", "context":Result: SYNCER_OK. cV=d6clT69eIKSXf6jRfA8wq7.0;server=GENERAL0100000W;cloudType=Consumer;environment=Prod_WestEurope_000l;migrationStage=NotStarted}
{"logTime": "0319/224213", "correlationVector":"bLyxMGKKdY44X2vHsQDVrq","action":"Commit Request", "result":"", "context":Item count: 20
Contributing types: Autofill}
{"logTime": "0319/224214", "correlationVector":"bLyxMGKKdY44X2vHsQDVrq.1","action":"SyncServerConnectionManagerRequest", "result":"SYNC_SERVER_OK", "context":{"environment":"Prod_WestEurope_000l", "migrationStage":"NotStarted", "server":"GENERAL01000009"}}
{"logTime": "0319/224214", "correlationVector":"bLyxMGKKdY44X2vHsQDVrq.2","action":"Commit Response", "result":"SYNCER_OK", "context":Result: SYNCER_OK. cV=bLyxMGKKdY44X2vHsQDVrq.0;server=GENERAL01000009;cloudType=Consumer;environment=Prod_WestEurope_000l;migrationStage=NotStarted}
{"logTime": "0319/224214", "correlationVector":"7NMbqlcnczXUUtl4zEQKfQ","action":"Commit Request", "result":"", "context":Item count: 20
Contributing types: Autofill}
{"logTime": "0319/224215", "correlationVector":"7NMbqlcnczXUUtl4zEQKfQ.1","action":"SyncServerConnectionManagerRequest", "result":"SYNC_SERVER_OK", "context":{"environment":"Prod_WestEurope_000l", "migrationStage":"NotStarted", "server":"GENERAL01000009"}}
{"logTime": "0319/224215", "correlationVector":"7NMbqlcnczXUUtl4zEQKfQ.2","action":"Commit Response", "result":"SYNCER_OK", "context":Result: SYNCER_OK. cV=7NMbqlcnczXUUtl4zEQKfQ.0;server=GENERAL01000009;cloudType=Consumer;environment=Prod_WestEurope_000l;migrationStage=NotStarted}
{"logTime": "0319/224215", "correlationVector":"9YkNw3L1/jcstCFhhwxita","action":"Commit Request", "result":"", "context":Item count: 20
Contributing types: Autofill}
{"logTime": "0319/224216", "correlationVector":"9YkNw3L1/jcstCFhhwxita.1","action":"SyncServerConnectionManagerRequest", "result":"SYNC_SERVER_OK", "context":{"environment":"Prod_WestEurope_000l", "migrationStage":"NotStarted", "server":"GENERAL01000024"}}
{"logTime": "0319/224216", "correlationVector":"9YkNw3L1/jcstCFhhwxita.2","action":"Commit Response", "result":"SYNCER_OK", "context":Result: SYNCER_OK. cV=9YkNw3L1/jcstCFhhwxita.0;server=GENERAL01000024;cloudType=Consumer;environment=Prod_WestEurope_000l;migrationStage=NotStarted}
{"logTime": "0319/224216", "correlationVector":"hExhKsMeowOx9mUCJ6PbSf","action":"Commit Request", "result":"", "context":Item count: 20
Contributing types: Autofill}
{"logTime": "0319/224217", "correlationVector":"hExhKsMeowOx9mUCJ6PbSf.1","action":"SyncServerConnectionManagerRequest", "result":"SYNC_SERVER_OK", "context":{"environment":"Prod_WestEurope_000l", "migrationStage":"NotStarted", "server":"GENERAL0100000E"}}
{"logTime": "0319/224217", "correlationVector":"hExhKsMeowOx9mUCJ6PbSf.2","action":"Commit Response", "result":"SYNCER_OK", "context":Result: SYNCER_OK. cV=hExhKsMeowOx9mUCJ6PbSf.0;server=GENERAL0100000E;cloudType=Consumer;environment=Prod_WestEurope_000l;migrationStage=NotStarted}
{"logTime": "0319/224217", "correlationVector":"EVaUlDOtNUhexkz4q8udii","action":"Commit Request", "result":"", "context":Item count: 20
Contributing types: Autofill}
{"logTime": "0319/224218", "correlationVector":"EVaUlDOtNUhexkz4q8udii.1","action":"SyncServerConnectionManagerRequest", "result":"SYNC_SERVER_OK", "context":{"environment":"Prod_WestEurope_000l", "migrationStage":"NotStarted", "server":"GENERAL0100000I"}}
{"logTime": "0319/224218", "correlationVector":"EVaUlDOtNUhexkz4q8udii.2","action":"Commit Response", "result":"SYNCER_OK", "context":Result: SYNCER_OK. cV=EVaUlDOtNUhexkz4q8udii.0;server=GENERAL0100000I;cloudType=Consumer;environment=Prod_WestEurope_000l;migrationStage=NotStarted}
{"logTime": "0319/224218", "correlationVector":"eNxQ23ZhYC+O3Z03k+nV48","action":"Commit Request", "result":"", "context":Item count: 20
Contributing types: Autofill}
{"logTime": "0319/224219", "correlationVector":"eNxQ23ZhYC+O3Z03k+nV48.1","action":"SyncServerConnectionManagerRequest", "result":"SYNC_SERVER_OK", "context":{"environment":"Prod_WestEurope_000l", "migrationStage":"NotStarted", "server":"GENERAL01000020"}}
{"logTime": "0319/224219", "correlationVector":"eNxQ23ZhYC+O3Z03k+nV48.2","action":"Commit Response", "result":"SYNCER_OK", "context":Result: SYNCER_OK. cV=eNxQ23ZhYC+O3Z03k+nV48.0;server=GENERAL01000020;cloudType=Consumer;environment=Prod_WestEurope_000l;migrationStage=NotStarted}
{"logTime": "0319/224219", "correlationVector":"sjGm7/BudrmoRhTPpZ86/G","action":"Commit Request", "result":"", "context":Item count: 20
Contributing types: Autofill}
{"logTime": "0319/224220", "correlationVector":"sjGm7/BudrmoRhTPpZ86/G.1","action":"SyncServerConnectionManagerRequest", "result":"SYNC_SERVER_OK", "context":{"environment":"Prod_WestEurope_000l", "migrationStage":"NotStarted", "server":"GENERAL01000014"}}
{"logTime": "0319/224220", "correlationVector":"sjGm7/BudrmoRhTPpZ86/G.2","action":"Commit Response", "result":"SYNCER_OK", "context":Result: SYNCER_OK. cV=sjGm7/BudrmoRhTPpZ86/G.0;server=GENERAL01000014;cloudType=Consumer;environment=Prod_WestEurope_000l;migrationStage=NotStarted}
{"logTime": "0319/224221", "correlationVector":"fETDarnzH7zsw5IM5mZPDo","action":"Commit Request", "result":"", "context":Item count: 20
Contributing types: Autofill}
{"logTime": "0319/224222", "correlationVector":"fETDarnzH7zsw5IM5mZPDo.1","action":"SyncServerConnectionManagerRequest", "result":"SYNC_SERVER_OK", "context":{"environment":"Prod_WestEurope_000l", "migrationStage":"NotStarted", "server":"GENERAL01000009"}}
{"logTime": "0319/224222", "correlationVector":"fETDarnzH7zsw5IM5mZPDo.2","action":"Commit Response", "result":"SYNCER_OK", "context":Result: SYNCER_OK. cV=fETDarnzH7zsw5IM5mZPDo.0;server=GENERAL01000009;cloudType=Consumer;environment=Prod_WestEurope_000l;migrationStage=NotStarted}
{"logTime": "0319/224222", "correlationVector":"Ik8yC8dOa+/VQHLNySlY2t","action":"Commit Request", "result":"", "context":Item count: 20
Contributing types: Autofill}
{"logTime": "0319/224223", "correlationVector":"Ik8yC8dOa+/VQHLNySlY2t.1","action":"SyncServerConnectionManagerRequest", "result":"SYNC_SERVER_OK", "context":{"environment":"Prod_WestEurope_000l", "migrationStage":"NotStarted", "server":"GENERAL01000024"}}
{"logTime": "0319/224223", "correlationVector":"Ik8yC8dOa+/VQHLNySlY2t.2","action":"Commit Response", "result":"SYNCER_OK", "context":Result: SYNCER_OK. cV=Ik8yC8dOa+/VQHLNySlY2t.0;server=GENERAL01000024;cloudType=Consumer;environment=Prod_WestEurope_000l;migrationStage=NotStarted}
{"logTime": "0319/224223", "correlationVector":"HGoJS1ucjHgNmKvnEmQn10","action":"Commit Request", "result":"", "context":Item count: 20
Contributing types: Autofill}
{"logTime": "0319/224224", "correlationVector":"HGoJS1ucjHgNmKvnEmQn10.1","action":"SyncServerConnectionManagerRequest", "result":"SYNC_SERVER_OK", "context":{"environment":"Prod_WestEurope_000l", "migrationStage":"NotStarted", "server":"GENERAL0100000S"}}
{"logTime": "0319/224224", "correlationVector":"HGoJS1ucjHgNmKvnEmQn10.2","action":"Commit Response", "result":"SYNCER_OK", "context":Result: SYNCER_OK. cV=HGoJS1ucjHgNmKvnEmQn10.0;server=GENERAL0100000S;cloudType=Consumer;environment=Prod_WestEurope_000l;migrationStage=NotStarted}
{"logTime": "0319/224224", "correlationVector":"4fXSrejQm8d25Sd+9+Buhu","action":"Commit Request", "result":"", "context":Item count: 20
Contributing types: Autofill}
{"logTime": "0319/224225", "correlationVector":"4fXSrejQm8d25Sd+9+Buhu.1","action":"SyncServerConnectionManagerRequest", "result":"SYNC_SERVER_OK", "context":{"environment":"Prod_WestEurope_000l", "migrationStage":"NotStarted", "server":"GENERAL01000014"}}
{"logTime": "0319/224225", "correlationVector":"4fXSrejQm8d25Sd+9+Buhu.2","action":"Commit Response", "result":"SYNCER_OK", "context":Result: SYNCER_OK. cV=4fXSrejQm8d25Sd+9+Buhu.0;server=GENERAL01000014;cloudType=Consumer;environment=Prod_WestEurope_000l;migrationStage=NotStarted}
{"logTime": "0319/224225", "correlationVector":"pVYgC7HjtN5r/9BRlwETTx","action":"Commit Request", "result":"", "context":Item count: 20
Contributing types: Autofill}
{"logTime": "0319/224226", "correlationVector":"pVYgC7HjtN5r/9BRlwETTx.1","action":"SyncServerConnectionManagerRequest", "result":"SYNC_SERVER_OK", "context":{"environment":"Prod_WestEurope_000l", "migrationStage":"NotStarted", "server":"GENERAL0100001B"}}
{"logTime": "0319/224226", "correlationVector":"pVYgC7HjtN5r/9BRlwETTx.2","action":"Commit Response", "result":"SYNCER_OK", "context":Result: SYNCER_OK. cV=pVYgC7HjtN5r/9BRlwETTx.0;server=GENERAL0100001B;cloudType=Consumer;environment=Prod_WestEurope_000l;migrationStage=NotStarted}
{"logTime": "0319/224226", "correlationVector":"gE0FZTbH94Ke/DbNTrMCLg","action":"Commit Request", "result":"", "context":Item count: 20
Contributing types: Autofill}
{"logTime": "0319/224227", "correlationVector":"gE0FZTbH94Ke/DbNTrMCLg.1","action":"SyncServerConnectionManagerRequest", "result":"SYNC_SERVER_OK", "context":{"environment":"Prod_WestEurope_000l", "migrationStage":"NotStarted", "server":"GENERAL0100000G"}}
{"logTime": "0319/224227", "correlationVector":"gE0FZTbH94Ke/DbNTrMCLg.2","action":"Commit Response", "result":"SYNCER_OK", "context":Result: SYNCER_OK. cV=gE0FZTbH94Ke/DbNTrMCLg.0;server=GENERAL0100000G;cloudType=Consumer;environment=Prod_WestEurope_000l;migrationStage=NotStarted}
{"logTime": "0319/224227", "correlationVector":"DWohpze9LAoIKUX3q4ZH9D","action":"Commit Request", "result":"", "context":Item count: 20
Contributing types: Autofill}
{"logTime": "0319/224229", "correlationVector":"DWohpze9LAoIKUX3q4ZH9D.1","action":"SyncServerConnectionManagerRequest", "result":"SYNC_SERVER_OK", "context":{"environment":"Prod_WestEurope_000l", "migrationStage":"NotStarted", "server":"GENERAL01000004"}}
{"logTime": "0319/224229", "correlationVector":"DWohpze9LAoIKUX3q4ZH9D.2","action":"Commit Response", "result":"SYNCER_OK", "context":Result: SYNCER_OK. cV=DWohpze9LAoIKUX3q4ZH9D.0;server=GENERAL01000004;cloudType=Consumer;environment=Prod_WestEurope_000l;migrationStage=NotStarted}
{"logTime": "0319/224229", "correlationVector":"B7/r9tc3W8FxHihjF+q61D","action":"Commit Request", "result":"", "context":Item count: 20
Contributing types: Autofill}
{"logTime": "0319/224230", "correlationVector":"B7/r9tc3W8FxHihjF+q61D.1","action":"SyncServerConnectionManagerRequest", "result":"SYNC_SERVER_OK", "context":{"environment":"Prod_WestEurope_000l", "migrationStage":"NotStarted", "server":"GENERAL0100000I"}}
{"logTime": "0319/224230", "correlationVector":"B7/r9tc3W8FxHihjF+q61D.2","action":"Commit Response", "result":"SYNCER_OK", "context":Result: SYNCER_OK. cV=B7/r9tc3W8FxHihjF+q61D.0;server=GENERAL0100000I;cloudType=Consumer;environment=Prod_WestEurope_000l;migrationStage=NotStarted}
{"logTime": "0319/224230", "correlationVector":"0T7Dlj68MX1ulL9Mrf3E45","action":"Commit Request", "result":"", "context":Item count: 20
Contributing types: Autofill}
{"logTime": "0319/224231", "correlationVector":"0T7Dlj68MX1ulL9Mrf3E45.1","action":"SyncServerConnectionManagerRequest", "result":"SYNC_SERVER_OK", "context":{"environment":"Prod_WestEurope_000l", "migrationStage":"NotStarted", "server":"GENERAL0100000E"}}
{"logTime": "0319/224231", "correlationVector":"0T7Dlj68MX1ulL9Mrf3E45.2","action":"Commit Response", "result":"SYNCER_OK", "context":Result: SYNCER_OK. cV=0T7Dlj68MX1ulL9Mrf3E45.0;server=GENERAL0100000E;cloudType=Consumer;environment=Prod_WestEurope_000l;migrationStage=NotStarted}
{"logTime": "0319/224231", "correlationVector":"HWjD6dMcVotamGGdXHnuE3","action":"Commit Request", "result":"", "context":Item count: 20
Contributing types: Autofill}
{"logTime": "0319/224233", "correlationVector":"HWjD6dMcVotamGGdXHnuE3.1","action":"SyncServerConnectionManagerRequest", "result":"SYNC_SERVER_OK", "context":{"environment":"Prod_WestEurope_000l", "migrationStage":"NotStarted", "server":"GENERAL01000010"}}
{"logTime": "0319/224233", "correlationVector":"HWjD6dMcVotamGGdXHnuE3.2","action":"Commit Response", "result":"SYNCER_OK", "context":Result: SYNCER_OK. cV=HWjD6dMcVotamGGdXHnuE3.0;server=GENERAL01000010;cloudType=Consumer;environment=Prod_WestEurope_000l;migrationStage=NotStarted}
{"logTime": "0319/224233", "correlationVector":"dHLOpVnDTw33lIW2aAp+sa","action":"Commit Request", "result":"", "context":Item count: 20
Contributing types: Autofill}
{"logTime": "0319/224234", "correlationVector":"dHLOpVnDTw33lIW2aAp+sa.1","action":"SyncServerConnectionManagerRequest", "result":"SYNC_SERVER_OK", "context":{"environment":"Prod_WestEurope_000l", "migrationStage":"NotStarted", "server":"GENERAL01000018"}}
{"logTime": "0319/224234", "correlationVector":"dHLOpVnDTw33lIW2aAp+sa.2","action":"Commit Response", "result":"SYNCER_OK", "context":Result: SYNCER_OK. cV=dHLOpVnDTw33lIW2aAp+sa.0;server=GENERAL01000018;cloudType=Consumer;environment=Prod_WestEurope_000l;migrationStage=NotStarted}
{"logTime": "0319/224234", "correlationVector":"JwugOphRtDs2v+BoFP1Mnk","action":"Commit Request", "result":"", "context":Item count: 20
Contributing types: Autofill}
{"logTime": "0319/224235", "correlationVector":"JwugOphRtDs2v+BoFP1Mnk.1","action":"SyncServerConnectionManagerRequest", "result":"SYNC_SERVER_OK", "context":{"environment":"Prod_WestEurope_000l", "migrationStage":"NotStarted", "server":"GENERAL01000011"}}
{"logTime": "0319/224235", "correlationVector":"JwugOphRtDs2v+BoFP1Mnk.2","action":"Commit Response", "result":"SYNCER_OK", "context":Result: SYNCER_OK. cV=JwugOphRtDs2v+BoFP1Mnk.0;server=GENERAL01000011;cloudType=Consumer;environment=Prod_WestEurope_000l;migrationStage=NotStarted}
{"logTime": "0319/224235", "correlationVector":"3Vvg0FU0GSeeJ8MQqE0Ost","action":"Commit Request", "result":"", "context":Item count: 20
Contributing types: Autofill}
{"logTime": "0319/224236", "correlationVector":"3Vvg0FU0GSeeJ8MQqE0Ost.1","action":"SyncServerConnectionManagerRequest", "result":"SYNC_SERVER_OK", "context":{"environment":"Prod_WestEurope_000l", "migrationStage":"NotStarted", "server":"GENERAL01000002"}}
{"logTime": "0319/224236", "correlationVector":"3Vvg0FU0GSeeJ8MQqE0Ost.2","action":"Commit Response", "result":"SYNCER_OK", "context":Result: SYNCER_OK. cV=3Vvg0FU0GSeeJ8MQqE0Ost.0;server=GENERAL01000002;cloudType=Consumer;environment=Prod_WestEurope_000l;migrationStage=NotStarted}
{"logTime": "0319/224236", "correlationVector":"0kxMHcjKgQFfPzUKVIDUSS","action":"Commit Request", "result":"", "context":Item count: 20
Contributing types: Autofill}
{"logTime": "0319/224238", "correlationVector":"0kxMHcjKgQFfPzUKVIDUSS.1","action":"SyncServerConnectionManagerRequest", "result":"SYNC_SERVER_OK", "context":{"environment":"Prod_WestEurope_000l", "migrationStage":"NotStarted", "server":"GENERAL0100001A"}}
{"logTime": "0319/224238", "correlationVector":"0kxMHcjKgQFfPzUKVIDUSS.2","action":"Commit Response", "result":"SYNCER_OK", "context":Result: SYNCER_OK. cV=0kxMHcjKgQFfPzUKVIDUSS.0;server=GENERAL0100001A;cloudType=Consumer;environment=Prod_WestEurope_000l;migrationStage=NotStarted}
{"logTime": "0319/224238", "correlationVector":"Jo4O+cSeU7O3inQct+wbgj","action":"Commit Request", "result":"", "context":Item count: 20
Contributing types: Autofill}
{"logTime": "0319/224239", "correlationVector":"Jo4O+cSeU7O3inQct+wbgj.1","action":"SyncServerConnectionManagerRequest", "result":"SYNC_SERVER_OK", "context":{"environment":"Prod_WestEurope_000l", "migrationStage":"NotStarted", "server":"GENERAL0100001D"}}
{"logTime": "0319/224239", "correlationVector":"Jo4O+cSeU7O3inQct+wbgj.2","action":"Commit Response", "result":"SYNCER_OK", "context":Result: SYNCER_OK. cV=Jo4O+cSeU7O3inQct+wbgj.0;server=GENERAL0100001D;cloudType=Consumer;environment=Prod_WestEurope_000l;migrationStage=NotStarted}
{"logTime": "0319/224239", "correlationVector":"BL2fUkmAZDtB0VL5SMcloD","action":"Commit Request", "result":"", "context":Item count: 20
Contributing types: Autofill}
{"logTime": "0319/224240", "correlationVector":"BL2fUkmAZDtB0VL5SMcloD.1","action":"SyncServerConnectionManagerRequest", "result":"SYNC_SERVER_OK", "context":{"environment":"Prod_WestEurope_000l", "migrationStage":"NotStarted", "server":"GENERAL01000011"}}
{"logTime": "0319/224240", "correlationVector":"BL2fUkmAZDtB0VL5SMcloD.2","action":"Commit Response", "result":"SYNCER_OK", "context":Result: SYNCER_OK. cV=BL2fUkmAZDtB0VL5SMcloD.0;server=GENERAL01000011;cloudType=Consumer;environment=Prod_WestEurope_000l;migrationStage=NotStarted}
{"logTime": "0319/224240", "correlationVector":"jHf7MJDXJGNqERCzH9VXsJ","action":"Commit Request", "result":"", "context":Item count: 20
Contributing types: Autofill}
{"logTime": "0319/224241", "correlationVector":"jHf7MJDXJGNqERCzH9VXsJ.1","action":"SyncServerConnectionManagerRequest", "result":"SYNC_SERVER_OK", "context":{"environment":"Prod_WestEurope_000l", "migrationStage":"NotStarted", "server":"GENERAL0100001D"}}
{"logTime": "0319/224241", "correlationVector":"jHf7MJDXJGNqERCzH9VXsJ.2","action":"Commit Response", "result":"SYNCER_OK", "context":Result: SYNCER_OK. cV=jHf7MJDXJGNqERCzH9VXsJ.0;server=GENERAL0100001D;cloudType=Consumer;environment=Prod_WestEurope_000l;migrationStage=NotStarted}
{"logTime": "0319/224241", "correlationVector":"S7Lnw6XFjXDasAXR//WKPi","action":"Commit Request", "result":"", "context":Item count: 20
Contributing types: Autofill}
{"logTime": "0319/224242", "correlationVector":"S7Lnw6XFjXDasAXR//WKPi.1","action":"SyncServerConnectionManagerRequest", "result":"SYNC_SERVER_OK", "context":{"environment":"Prod_WestEurope_000l", "migrationStage":"NotStarted", "server":"GENERAL01000026"}}
{"logTime": "0319/224242", "correlationVector":"S7Lnw6XFjXDasAXR//WKPi.2","action":"Commit Response", "result":"SYNCER_OK", "context":Result: SYNCER_OK. cV=S7Lnw6XFjXDasAXR//WKPi.0;server=GENERAL01000026;cloudType=Consumer;environment=Prod_WestEurope_000l;migrationStage=NotStarted}
{"logTime": "0319/224242", "correlationVector":"A7Pu5aF4XSjsLC7xRsvQPN","action":"Commit Request", "result":"", "context":Item count: 20
Contributing types: Autofill}
{"logTime": "0319/224243", "correlationVector":"A7Pu5aF4XSjsLC7xRsvQPN.1","action":"SyncServerConnectionManagerRequest", "result":"SYNC_SERVER_OK", "context":{"environment":"Prod_WestEurope_000l", "migrationStage":"NotStarted", "server":"GENERAL01000026"}}
{"logTime": "0319/224243", "correlationVector":"A7Pu5aF4XSjsLC7xRsvQPN.2","action":"Commit Response", "result":"SYNCER_OK", "context":Result: SYNCER_OK. cV=A7Pu5aF4XSjsLC7xRsvQPN.0;server=GENERAL01000026;cloudType=Consumer;environment=Prod_WestEurope_000l;migrationStage=NotStarted}
{"logTime": "0319/224243", "correlationVector":"jp2ABCTWpPKuMGBpL7pjQl","action":"Commit Request", "result":"", "context":Item count: 20
Contributing types: Autofill}
{"logTime": "0319/224244", "correlationVector":"jp2ABCTWpPKuMGBpL7pjQl.1","action":"SyncServerConnectionManagerRequest", "result":"SYNC_SERVER_OK", "context":{"environment":"Prod_WestEurope_000l", "migrationStage":"NotStarted", "server":"GENERAL01000005"}}
{"logTime": "0319/224244", "correlationVector":"jp2ABCTWpPKuMGBpL7pjQl.2","action":"Commit Response", "result":"SYNCER_OK", "context":Result: SYNCER_OK. cV=jp2ABCTWpPKuMGBpL7pjQl.0;server=GENERAL01000005;cloudType=Consumer;environment=Prod_WestEurope_000l;migrationStage=NotStarted}
{"logTime": "0319/224244", "correlationVector":"71IBOb5KyawfQNZbvPpS37","action":"Commit Request", "result":"", "context":Item count: 20
Contributing types: Autofill}
{"logTime": "0319/224245", "correlationVector":"71IBOb5KyawfQNZbvPpS37.1","action":"SyncServerConnectionManagerRequest", "result":"SYNC_SERVER_OK", "context":{"environment":"Prod_WestEurope_000l", "migrationStage":"NotStarted", "server":"GENERAL01000003"}}
{"logTime": "0319/224245", "correlationVector":"71IBOb5KyawfQNZbvPpS37.2","action":"Commit Response", "result":"SYNCER_OK", "context":Result: SYNCER_OK. cV=71IBOb5KyawfQNZbvPpS37.0;server=GENERAL01000003;cloudType=Consumer;environment=Prod_WestEurope_000l;migrationStage=NotStarted}
{"logTime": "0319/224245", "correlationVector":"iSII1MZTBjiduPbQKIF2gr","action":"Commit Request", "result":"", "context":Item count: 20
Contributing types: Autofill}
{"logTime": "0319/224246", "correlationVector":"iSII1MZTBjiduPbQKIF2gr.1","action":"SyncServerConnectionManagerRequest", "result":"SYNC_SERVER_OK", "context":{"environment":"Prod_WestEurope_000l", "migrationStage":"NotStarted", "server":"GENERAL01000014"}}
{"logTime": "0319/224246", "correlationVector":"iSII1MZTBjiduPbQKIF2gr.2","action":"Commit Response", "result":"SYNCER_OK", "context":Result: SYNCER_OK. cV=iSII1MZTBjiduPbQKIF2gr.0;server=GENERAL01000014;cloudType=Consumer;environment=Prod_WestEurope_000l;migrationStage=NotStarted}
{"logTime": "0319/224246", "correlationVector":"djhSCE3HWJYqs+XAja18q/","action":"Commit Request", "result":"", "context":Item count: 20
Contributing types: Autofill}
{"logTime": "0319/224247", "correlationVector":"djhSCE3HWJYqs+XAja18q/.1","action":"SyncServerConnectionManagerRequest", "result":"SYNC_SERVER_OK", "context":{"environment":"Prod_WestEurope_000l", "migrationStage":"NotStarted", "server":"GENERAL0100000L"}}
{"logTime": "0319/224247", "correlationVector":"djhSCE3HWJYqs+XAja18q/.2","action":"Commit Response", "result":"SYNCER_OK", "context":Result: SYNCER_OK. cV=djhSCE3HWJYqs+XAja18q/.0;server=GENERAL0100000L;cloudType=Consumer;environment=Prod_WestEurope_000l;migrationStage=NotStarted}
{"logTime": "0319/224247", "correlationVector":"4a6Pz4WBiBy6SA2eQ0F76J","action":"Commit Request", "result":"", "context":Item count: 20
Contributing types: Autofill}
{"logTime": "0319/224248", "correlationVector":"4a6Pz4WBiBy6SA2eQ0F76J.1","action":"SyncServerConnectionManagerRequest", "result":"SYNC_SERVER_OK", "context":{"environment":"Prod_WestEurope_000l", "migrationStage":"NotStarted", "server":"GENERAL01000018"}}
{"logTime": "0319/224248", "correlationVector":"4a6Pz4WBiBy6SA2eQ0F76J.2","action":"Commit Response", "result":"SYNCER_OK", "context":Result: SYNCER_OK. cV=4a6Pz4WBiBy6SA2eQ0F76J.0;server=GENERAL01000018;cloudType=Consumer;environment=Prod_WestEurope_000l;migrationStage=NotStarted}
{"logTime": "0319/224248", "correlationVector":"GBR2hQcs0SK+3CCfV+G+Nm","action":"Commit Request", "result":"", "context":Item count: 20
Contributing types: Autofill}
{"logTime": "0319/224249", "correlationVector":"GBR2hQcs0SK+3CCfV+G+Nm.1","action":"SyncServerConnectionManagerRequest", "result":"SYNC_SERVER_OK", "context":{"environment":"Prod_WestEurope_000l", "migrationStage":"NotStarted", "server":"GENERAL0100000D"}}
{"logTime": "0319/224249", "correlationVector":"GBR2hQcs0SK+3CCfV+G+Nm.2","action":"Commit Response", "result":"SYNCER_OK", "context":Result: SYNCER_OK. cV=GBR2hQcs0SK+3CCfV+G+Nm.0;server=GENERAL0100000D;cloudType=Consumer;environment=Prod_WestEurope_000l;migrationStage=NotStarted}
{"logTime": "0319/224249", "correlationVector":"/ckjmT5Bfthww+bmLpJOlg","action":"Commit Request", "result":"", "context":Item count: 20
Contributing types: Autofill}
{"logTime": "0319/224250", "correlationVector":"/ckjmT5Bfthww+bmLpJOlg.1","action":"SyncServerConnectionManagerRequest", "result":"SYNC_SERVER_OK", "context":{"environment":"Prod_WestEurope_000l", "migrationStage":"NotStarted", "server":"GENERAL01000008"}}
{"logTime": "0319/224250", "correlationVector":"/ckjmT5Bfthww+bmLpJOlg.2","action":"Commit Response", "result":"SYNCER_OK", "context":Result: SYNCER_OK. cV=/ckjmT5Bfthww+bmLpJOlg.0;server=GENERAL01000008;cloudType=Consumer;environment=Prod_WestEurope_000l;migrationStage=NotStarted}
{"logTime": "0319/224250", "correlationVector":"/yk+uclfIOks71unML9ZQi","action":"Commit Request", "result":"", "context":Item count: 20
Contributing types: Autofill}
{"logTime": "0319/224250", "correlationVector":"/yk+uclfIOks71unML9ZQi.1","action":"SyncServerConnectionManagerRequest", "result":"SYNC_SERVER_OK", "context":{"environment":"Prod_WestEurope_000l", "migrationStage":"NotStarted", "server":"GENERAL0100000C"}}
{"logTime": "0319/224250", "correlationVector":"/yk+uclfIOks71unML9ZQi.2","action":"Commit Response", "result":"SYNCER_OK", "context":Result: SYNCER_OK. cV=/yk+uclfIOks71unML9ZQi.0;server=GENERAL0100000C;cloudType=Consumer;environment=Prod_WestEurope_000l;migrationStage=NotStarted}
{"logTime": "0319/224251", "correlationVector":"tCfh/N5zLeUwKfYFE/Hu2Y","action":"Commit Request", "result":"", "context":Item count: 20
Contributing types: Autofill}
{"logTime": "0319/224251", "correlationVector":"tCfh/N5zLeUwKfYFE/Hu2Y.1","action":"SyncServerConnectionManagerRequest", "result":"SYNC_SERVER_OK", "context":{"environment":"Prod_WestEurope_000l", "migrationStage":"NotStarted", "server":"GENERAL0100001Z"}}
{"logTime": "0319/224251", "correlationVector":"tCfh/N5zLeUwKfYFE/Hu2Y.2","action":"Commit Response", "result":"SYNCER_OK", "context":Result: SYNCER_OK. cV=tCfh/N5zLeUwKfYFE/Hu2Y.0;server=GENERAL0100001Z;cloudType=Consumer;environment=Prod_WestEurope_000l;migrationStage=NotStarted}
{"logTime": "0319/224251", "correlationVector":"vWCwZPdYs/+9dc8oTFkpIl","action":"Commit Request", "result":"", "context":Item count: 20
Contributing types: Autofill}
{"logTime": "0319/224252", "correlationVector":"vWCwZPdYs/+9dc8oTFkpIl.1","action":"SyncServerConnectionManagerRequest", "result":"SYNC_SERVER_OK", "context":{"environment":"Prod_WestEurope_000l", "migrationStage":"NotStarted", "server":"GENERAL0100000Y"}}
{"logTime": "0319/224252", "correlationVector":"vWCwZPdYs/+9dc8oTFkpIl.2","action":"Commit Response", "result":"SYNCER_OK", "context":Result: SYNCER_OK. cV=vWCwZPdYs/+9dc8oTFkpIl.0;server=GENERAL0100000Y;cloudType=Consumer;environment=Prod_WestEurope_000l;migrationStage=NotStarted}
{"logTime": "0319/224252", "correlationVector":"JZw/Q3oCoKU0walwZYSI+i","action":"Commit Request", "result":"", "context":Item count: 20
Contributing types: Autofill}
{"logTime": "0319/224253", "correlationVector":"JZw/Q3oCoKU0walwZYSI+i.1","action":"SyncServerConnectionManagerRequest", "result":"SYNC_SERVER_OK", "context":{"environment":"Prod_WestEurope_000l", "migrationStage":"NotStarted", "server":"GENERAL01000014"}}
{"logTime": "0319/224253", "correlationVector":"JZw/Q3oCoKU0walwZYSI+i.2","action":"Commit Response", "result":"SYNCER_OK", "context":Result: SYNCER_OK. cV=JZw/Q3oCoKU0walwZYSI+i.0;server=GENERAL01000014;cloudType=Consumer;environment=Prod_WestEurope_000l;migrationStage=NotStarted}
{"logTime": "0319/224253", "correlationVector":"kFmWe2hFDqVLo3XAUt3gsq","action":"Commit Request", "result":"", "context":Item count: 20
Contributing types: Autofill}
{"logTime": "0319/224254", "correlationVector":"kFmWe2hFDqVLo3XAUt3gsq.1","action":"SyncServerConnectionManagerRequest", "result":"SYNC_SERVER_OK", "context":{"environment":"Prod_WestEurope_000l", "migrationStage":"NotStarted", "server":"GENERAL0100000Z"}}
{"logTime": "0319/224254", "correlationVector":"kFmWe2hFDqVLo3XAUt3gsq.2","action":"Commit Response", "result":"SYNCER_OK", "context":Result: SYNCER_OK. cV=kFmWe2hFDqVLo3XAUt3gsq.0;server=GENERAL0100000Z;cloudType=Consumer;environment=Prod_WestEurope_000l;migrationStage=NotStarted}
{"logTime": "0319/224254", "correlationVector":"w6BWgkwt+/wC9tH7zCisYC","action":"Commit Request", "result":"", "context":Item count: 20
Contributing types: Autofill}
{"logTime": "0319/224255", "correlationVector":"w6BWgkwt+/wC9tH7zCisYC.1","action":"SyncServerConnectionManagerRequest", "result":"SYNC_SERVER_OK", "context":{"environment":"Prod_WestEurope_000l", "migrationStage":"NotStarted", "server":"GENERAL01000024"}}
{"logTime": "0319/224255", "correlationVector":"w6BWgkwt+/wC9tH7zCisYC.2","action":"Commit Response", "result":"SYNCER_OK", "context":Result: SYNCER_OK. cV=w6BWgkwt+/wC9tH7zCisYC.0;server=GENERAL01000024;cloudType=Consumer;environment=Prod_WestEurope_000l;migrationStage=NotStarted}
{"logTime": "0319/224255", "correlationVector":"JAjw9SJdaj4eVFbgJK/sFj","action":"Commit Request", "result":"", "context":Item count: 20
Contributing types: Autofill}
{"logTime": "0319/224256", "correlationVector":"JAjw9SJdaj4eVFbgJK/sFj.1","action":"SyncServerConnectionManagerRequest", "result":"SYNC_SERVER_OK", "context":{"environment":"Prod_WestEurope_000l", "migrationStage":"NotStarted", "server":"GENERAL0100000V"}}
{"logTime": "0319/224256", "correlationVector":"JAjw9SJdaj4eVFbgJK/sFj.2","action":"Commit Response", "result":"SYNCER_OK", "context":Result: SYNCER_OK. cV=JAjw9SJdaj4eVFbgJK/sFj.0;server=GENERAL0100000V;cloudType=Consumer;environment=Prod_WestEurope_000l;migrationStage=NotStarted}
{"logTime": "0319/224256", "correlationVector":"EwvNHT7usWbc+ZqdvMVsp9","action":"Commit Request", "result":"", "context":Item count: 20
Contributing types: Autofill}
{"logTime": "0319/224257", "correlationVector":"EwvNHT7usWbc+ZqdvMVsp9.1","action":"SyncServerConnectionManagerRequest", "result":"SYNC_SERVER_OK", "context":{"environment":"Prod_WestEurope_000l", "migrationStage":"NotStarted", "server":"GENERAL01000008"}}
{"logTime": "0319/224257", "correlationVector":"EwvNHT7usWbc+ZqdvMVsp9.2","action":"Commit Response", "result":"SYNCER_OK", "context":Result: SYNCER_OK. cV=EwvNHT7usWbc+ZqdvMVsp9.0;server=GENERAL01000008;cloudType=Consumer;environment=Prod_WestEurope_000l;migrationStage=NotStarted}
{"logTime": "0319/224257", "correlationVector":"M2b7F+GnVtHe+ZYRMAW9wk","action":"Commit Request", "result":"", "context":Item count: 20
Contributing types: Autofill}
{"logTime": "0319/224257", "correlationVector":"M2b7F+GnVtHe+ZYRMAW9wk.1","action":"SyncServerConnectionManagerRequest", "result":"SYNC_SERVER_OK", "context":{"environment":"Prod_WestEurope_000l", "migrationStage":"NotStarted", "server":"GENERAL01000014"}}
{"logTime": "0319/224257", "correlationVector":"M2b7F+GnVtHe+ZYRMAW9wk.2","action":"Commit Response", "result":"SYNCER_OK", "context":Result: SYNCER_OK. cV=M2b7F+GnVtHe+ZYRMAW9wk.0;server=GENERAL01000014;cloudType=Consumer;environment=Prod_WestEurope_000l;migrationStage=NotStarted}
{"logTime": "0319/224257", "correlationVector":"Z4M2OynSxZEv2zbYfLn8aT","action":"Commit Request", "result":"", "context":Item count: 20
Contributing types: Autofill}
{"logTime": "0319/224258", "correlationVector":"Z4M2OynSxZEv2zbYfLn8aT.1","action":"SyncServerConnectionManagerRequest", "result":"SYNC_SERVER_OK", "context":{"environment":"Prod_WestEurope_000l", "migrationStage":"NotStarted", "server":"GENERAL01000013"}}
{"logTime": "0319/224258", "correlationVector":"Z4M2OynSxZEv2zbYfLn8aT.2","action":"Commit Response", "result":"SYNCER_OK", "context":Result: SYNCER_OK. cV=Z4M2OynSxZEv2zbYfLn8aT.0;server=GENERAL01000013;cloudType=Consumer;environment=Prod_WestEurope_000l;migrationStage=NotStarted}
{"logTime": "0319/224258", "correlationVector":"EYUL04/AdbtCitLez8Y7PG","action":"Commit Request", "result":"", "context":Item count: 20
Contributing types: Autofill}
{"logTime": "0319/224259", "correlationVector":"EYUL04/AdbtCitLez8Y7PG.1","action":"SyncServerConnectionManagerRequest", "result":"SYNC_SERVER_OK", "context":{"environment":"Prod_WestEurope_000l", "migrationStage":"NotStarted", "server":"GENERAL01000020"}}
{"logTime": "0319/224259", "correlationVector":"EYUL04/AdbtCitLez8Y7PG.2","action":"Commit Response", "result":"SYNCER_OK", "context":Result: SYNCER_OK. cV=EYUL04/AdbtCitLez8Y7PG.0;server=GENERAL01000020;cloudType=Consumer;environment=Prod_WestEurope_000l;migrationStage=NotStarted}
{"logTime": "0319/224259", "correlationVector":"hguKJsMG3WxZ3P0q+H0QlS","action":"Commit Request", "result":"", "context":Item count: 20
Contributing types: Autofill}
{"logTime": "0319/224300", "correlationVector":"hguKJsMG3WxZ3P0q+H0QlS.1","action":"SyncServerConnectionManagerRequest", "result":"SYNC_SERVER_OK", "context":{"environment":"Prod_WestEurope_000l", "migrationStage":"NotStarted", "server":"GENERAL01000005"}}
{"logTime": "0319/224300", "correlationVector":"hguKJsMG3WxZ3P0q+H0QlS.2","action":"Commit Response", "result":"SYNCER_OK", "context":Result: SYNCER_OK. cV=hguKJsMG3WxZ3P0q+H0QlS.0;server=GENERAL01000005;cloudType=Consumer;environment=Prod_WestEurope_000l;migrationStage=NotStarted}
{"logTime": "0319/224300", "correlationVector":"BEfJuz6KuNf8FfltlpeU6B","action":"Commit Request", "result":"", "context":Item count: 20
Contributing types: Autofill}
{"logTime": "0319/224301", "correlationVector":"BEfJuz6KuNf8FfltlpeU6B.1","action":"SyncServerConnectionManagerRequest", "result":"SYNC_SERVER_OK", "context":{"environment":"Prod_WestEurope_000l", "migrationStage":"NotStarted", "server":"GENERAL01000026"}}
{"logTime": "0319/224301", "correlationVector":"BEfJuz6KuNf8FfltlpeU6B.2","action":"Commit Response", "result":"SYNCER_OK", "context":Result: SYNCER_OK. cV=BEfJuz6KuNf8FfltlpeU6B.0;server=GENERAL01000026;cloudType=Consumer;environment=Prod_WestEurope_000l;migrationStage=NotStarted}
{"logTime": "0319/224301", "correlationVector":"F6Xp4NlTKG9AdwMz4Hf64K","action":"Commit Request", "result":"", "context":Item count: 20
Contributing types: Autofill}
{"logTime": "0319/224302", "correlationVector":"F6Xp4NlTKG9AdwMz4Hf64K.1","action":"SyncServerConnectionManagerRequest", "result":"SYNC_SERVER_OK", "context":{"environment":"Prod_WestEurope_000l", "migrationStage":"NotStarted", "server":"GENERAL01000005"}}
{"logTime": "0319/224302", "correlationVector":"F6Xp4NlTKG9AdwMz4Hf64K.2","action":"Commit Response", "result":"SYNCER_OK", "context":Result: SYNCER_OK. cV=F6Xp4NlTKG9AdwMz4Hf64K.0;server=GENERAL01000005;cloudType=Consumer;environment=Prod_WestEurope_000l;migrationStage=NotStarted}
{"logTime": "0319/224302", "correlationVector":"r8CoKKWJTi5LClGHO91usd","action":"Commit Request", "result":"", "context":Item count: 20
Contributing types: Autofill}
{"logTime": "0319/224303", "correlationVector":"r8CoKKWJTi5LClGHO91usd.1","action":"SyncServerConnectionManagerRequest", "result":"SYNC_SERVER_OK", "context":{"environment":"Prod_WestEurope_000l", "migrationStage":"NotStarted", "server":"GENERAL0100001D"}}
{"logTime": "0319/224303", "correlationVector":"r8CoKKWJTi5LClGHO91usd.2","action":"Commit Response", "result":"SYNCER_OK", "context":Result: SYNCER_OK. cV=r8CoKKWJTi5LClGHO91usd.0;server=GENERAL0100001D;cloudType=Consumer;environment=Prod_WestEurope_000l;migrationStage=NotStarted}
{"logTime": "0319/224303", "correlationVector":"S45uzExG7M8OuMuaMoybma","action":"Commit Request", "result":"", "context":Item count: 20
Contributing types: Autofill}
{"logTime": "0319/224304", "correlationVector":"S45uzExG7M8OuMuaMoybma.1","action":"SyncServerConnectionManagerRequest", "result":"SYNC_SERVER_OK", "context":{"environment":"Prod_WestEurope_000l", "migrationStage":"NotStarted", "server":"GENERAL01000008"}}
{"logTime": "0319/224304", "correlationVector":"S45uzExG7M8OuMuaMoybma.2","action":"Commit Response", "result":"SYNCER_OK", "context":Result: SYNCER_OK. cV=S45uzExG7M8OuMuaMoybma.0;server=GENERAL01000008;cloudType=Consumer;environment=Prod_WestEurope_000l;migrationStage=NotStarted}
{"logTime": "0319/224304", "correlationVector":"lQRVCUhp8MbSXqWiS/IkMO","action":"Commit Request", "result":"", "context":Item count: 20
Contributing types: Autofill}
{"logTime": "0319/224305", "correlationVector":"lQRVCUhp8MbSXqWiS/IkMO.1","action":"SyncServerConnectionManagerRequest", "result":"SYNC_SERVER_OK", "context":{"environment":"Prod_WestEurope_000l", "migrationStage":"NotStarted", "server":"GENERAL01000013"}}
{"logTime": "0319/224305", "correlationVector":"lQRVCUhp8MbSXqWiS/IkMO.2","action":"Commit Response", "result":"SYNCER_OK", "context":Result: SYNCER_OK. cV=lQRVCUhp8MbSXqWiS/IkMO.0;server=GENERAL01000013;cloudType=Consumer;environment=Prod_WestEurope_000l;migrationStage=NotStarted}
{"logTime": "0319/224305", "correlationVector":"Op8eIfDsjtQay3yKcEH8KC","action":"Commit Request", "result":"", "context":Item count: 20
Contributing types: Autofill}
{"logTime": "0319/224306", "correlationVector":"Op8eIfDsjtQay3yKcEH8KC.1","action":"SyncServerConnectionManagerRequest", "result":"SYNC_SERVER_OK", "context":{"environment":"Prod_WestEurope_000l", "migrationStage":"NotStarted", "server":"GENERAL01000003"}}
{"logTime": "0319/224306", "correlationVector":"Op8eIfDsjtQay3yKcEH8KC.2","action":"Commit Response", "result":"SYNCER_OK", "context":Result: SYNCER_OK. cV=Op8eIfDsjtQay3yKcEH8KC.0;server=GENERAL01000003;cloudType=Consumer;environment=Prod_WestEurope_000l;migrationStage=NotStarted}
{"logTime": "0319/224306", "correlationVector":"TGsG0/MyU34u0tnND69EzW","action":"Commit Request", "result":"", "context":Item count: 3
Contributing types: Autofill}
{"logTime": "0319/224306", "correlationVector":"TGsG0/MyU34u0tnND69EzW.1","action":"SyncServerConnectionManagerRequest", "result":"SYNC_SERVER_OK", "context":{"environment":"Prod_WestEurope_000l", "migrationStage":"NotStarted", "server":"GENERAL0100000S"}}
{"logTime": "0319/224306", "correlationVector":"TGsG0/MyU34u0tnND69EzW.2","action":"Commit Response", "result":"SYNCER_OK", "context":Result: SYNCER_OK. cV=TGsG0/MyU34u0tnND69EzW.0;server=GENERAL0100000S;cloudType=Consumer;environment=Prod_WestEurope_000l;migrationStage=NotStarted}
{"logTime": "0319/224307", "correlationVector":"gBLQXns46PfaxJfQasemLS","action":"Normal GetUpdate request", "result":"", "context":cV=gBLQXns46PfaxJfQasemLS
Nudged types: Passwords, Autofill Profiles, Autofill, Encryption Keys
Notified types: Device Info}
{"logTime": "0319/224307", "correlationVector":"gBLQXns46PfaxJfQasemLS.1","action":"SyncServerConnectionManagerRequest", "result":"SYNC_SERVER_OK", "context":{"environment":"Prod_WestEurope_000l", "migrationStage":"NotStarted", "server":"GENERAL0100000J"}}
{"logTime": "0319/224307", "correlationVector":"gBLQXns46PfaxJfQasemLS.2","action":"GetUpdates Response", "result":"SERVER_MORE_TO_DOWNLOAD", "context":Received 250 update(s).  Some updates remain.}
{"logTime": "0319/224307", "correlationVector":"1xgJW77jeo6x/DKLbnOYQ8","action":"Normal GetUpdate request", "result":"", "context":cV=1xgJW77jeo6x/DKLbnOYQ8
Nudged types: Passwords, Autofill Profiles, Autofill, Encryption Keys
Notified types: Device Info}
{"logTime": "0319/224308", "correlationVector":"1xgJW77jeo6x/DKLbnOYQ8.1","action":"SyncServerConnectionManagerRequest", "result":"SYNC_SERVER_OK", "context":{"environment":"Prod_WestEurope_000l", "migrationStage":"NotStarted", "server":"GENERAL01000003"}}
{"logTime": "0319/224308", "correlationVector":"1xgJW77jeo6x/DKLbnOYQ8.2","action":"GetUpdates Response", "result":"SERVER_MORE_TO_DOWNLOAD", "context":Received 250 update(s).  Some updates remain.}
{"logTime": "0319/224308", "correlationVector":"cafHZgaE4bGYqqrRHsGuAl","action":"Normal GetUpdate request", "result":"", "context":cV=cafHZgaE4bGYqqrRHsGuAl
Nudged types: Passwords, Autofill Profiles, Autofill, Encryption Keys
Notified types: Device Info}
{"logTime": "0319/224308", "correlationVector":"cafHZgaE4bGYqqrRHsGuAl.1","action":"SyncServerConnectionManagerRequest", "result":"SYNC_SERVER_OK", "context":{"environment":"Prod_WestEurope_000l", "migrationStage":"NotStarted", "server":"GENERAL0100000M"}}
{"logTime": "0319/224308", "correlationVector":"cafHZgaE4bGYqqrRHsGuAl.2","action":"GetUpdates Response", "result":"SERVER_MORE_TO_DOWNLOAD", "context":Received 250 update(s).  Some updates remain.}
{"logTime": "0319/224308", "correlationVector":"JICXt8oCxjXS5gtbN3SkRG","action":"Normal GetUpdate request", "result":"", "context":cV=JICXt8oCxjXS5gtbN3SkRG
Nudged types: Passwords, Autofill Profiles, Autofill, Encryption Keys
Notified types: Device Info}
{"logTime": "0319/224309", "correlationVector":"JICXt8oCxjXS5gtbN3SkRG.1","action":"SyncServerConnectionManagerRequest", "result":"SYNC_SERVER_OK", "context":{"environment":"Prod_WestEurope_000l", "migrationStage":"NotStarted", "server":"GENERAL0100000P"}}
{"logTime": "0319/224309", "correlationVector":"JICXt8oCxjXS5gtbN3SkRG.2","action":"GetUpdates Response", "result":"SERVER_MORE_TO_DOWNLOAD", "context":Received 250 update(s).  Some updates remain.}
{"logTime": "0319/224309", "correlationVector":"1tzDzDnGFORmKTWEhYI4tt","action":"Normal GetUpdate request", "result":"", "context":cV=1tzDzDnGFORmKTWEhYI4tt
Nudged types: Passwords, Autofill Profiles, Autofill, Encryption Keys
Notified types: Device Info}
{"logTime": "0319/224309", "correlationVector":"1tzDzDnGFORmKTWEhYI4tt.1","action":"SyncServerConnectionManagerRequest", "result":"SYNC_SERVER_OK", "context":{"environment":"Prod_WestEurope_000l", "migrationStage":"NotStarted", "server":"GENERAL0100000J"}}
{"logTime": "0319/224309", "correlationVector":"1tzDzDnGFORmKTWEhYI4tt.2","action":"GetUpdates Response", "result":"SERVER_MORE_TO_DOWNLOAD", "context":Received 250 update(s).  Some updates remain.}
{"logTime": "0319/224309", "correlationVector":"tNHJ1pkLmDxsSJMMR+fR8x","action":"Normal GetUpdate request", "result":"", "context":cV=tNHJ1pkLmDxsSJMMR+fR8x
Nudged types: Passwords, Autofill Profiles, Autofill, Encryption Keys
Notified types: Device Info}
{"logTime": "0319/224310", "correlationVector":"tNHJ1pkLmDxsSJMMR+fR8x.1","action":"SyncServerConnectionManagerRequest", "result":"SYNC_SERVER_OK", "context":{"environment":"Prod_WestEurope_000l", "migrationStage":"NotStarted", "server":"GENERAL01000005"}}
{"logTime": "0319/224310", "correlationVector":"tNHJ1pkLmDxsSJMMR+fR8x.2","action":"GetUpdates Response", "result":"SERVER_MORE_TO_DOWNLOAD", "context":Received 250 update(s).  Some updates remain.}
{"logTime": "0319/224310", "correlationVector":"+lwfw/zkn9t6yM3y1+QZIF","action":"Normal GetUpdate request", "result":"", "context":cV=+lwfw/zkn9t6yM3y1+QZIF
Nudged types: Passwords, Autofill Profiles, Autofill, Encryption Keys
Notified types: Device Info}
{"logTime": "0319/224311", "correlationVector":"+lwfw/zkn9t6yM3y1+QZIF.1","action":"SyncServerConnectionManagerRequest", "result":"SYNC_SERVER_OK", "context":{"environment":"Prod_WestEurope_000l", "migrationStage":"NotStarted", "server":"GENERAL0100000B"}}
{"logTime": "0319/224311", "correlationVector":"+lwfw/zkn9t6yM3y1+QZIF.2","action":"GetUpdates Response", "result":"SYNCER_OK", "context":Received 163 update(s). cV=+lwfw/zkn9t6yM3y1+QZIF.0;server=GENERAL0100000B;cloudType=Consumer;environment=Prod_WestEurope_000l;migrationStage=NotStarted}
{"logTime": "0321/210723", "correlationVector":"1jIlnG9C0fiO8sr+N+r2l7.0","action":"FeedSettingFetch_homeCloud", "result":"0", "context":{}}
{"logTime": "0321/210723", "correlationVector":"1jIlnG9C0fiO8sr+N+r2l7.0","action":"SyncServerConnectionManagerRequest", "result":"SYNC_SERVER_OK", "context":{"environment":"", "migrationStage":"", "server":""}}
{"logTime": "0321/210723", "correlationVector":"t9qn+clF6o1MWky4A9oCYM.1","action":"SyncServerConnectionManagerRequest", "result":"SYNC_SERVER_OK", "context":{"environment":"Prod_WestEurope_000l", "migrationStage":"NotStarted", "server":"GENERAL01000005"}}
{"logTime": "0321/210723", "correlationVector":"t9qn+clF6o1MWky4A9oCYM","action":"Initial GetUpdates", "result":"", "context":Reason: NEW_CLIENT. cV=t9qn+clF6o1MWky4A9oCYM}
{"logTime": "0321/210723", "correlationVector":"t9qn+clF6o1MWky4A9oCYM.2","action":"GetUpdates Response", "result":"SYNCER_OK", "context":Received 1 update(s). cV=t9qn+clF6o1MWky4A9oCYM.0;server=GENERAL01000005;cloudType=Consumer;environment=Prod_WestEurope_000l;migrationStage=NotStarted}
{"logTime": "0321/210723", "correlationVector":"aqlKlsBxODF2PRkATYVVQr","action":"Initial GetUpdates", "result":"", "context":Reason: NEWLY_SUPPORTED_DATATYPE. cV=aqlKlsBxODF2PRkATYVVQr}
{"logTime": "0321/210723", "correlationVector":"aqlKlsBxODF2PRkATYVVQr.1","action":"SyncServerConnectionManagerRequest", "result":"SYNC_SERVER_OK", "context":{"environment":"Prod_WestEurope_000l", "migrationStage":"NotStarted", "server":"GENERAL01000008"}}
{"logTime": "0321/210723", "correlationVector":"aqlKlsBxODF2PRkATYVVQr.2","action":"GetUpdates", "result":"DeleteReceived", "context":{"id":"f9f8ca58-2ed4-4db3-85a0-4c6db2f1e5e7", "isDeleted:":"true", "version":"1672606977320"}}
{"logTime": "0321/210723", "correlationVector":"aqlKlsBxODF2PRkATYVVQr.3","action":"GetUpdates Response", "result":"SYNCER_OK", "context":Received 135 update(s). cV=aqlKlsBxODF2PRkATYVVQr.0;server=GENERAL01000008;cloudType=Consumer;environment=Prod_WestEurope_000l;migrationStage=NotStarted}
{"logTime": "0321/210723", "correlationVector":"aoMdJRAEe+oj5HwXvJ+Ya2","action":"Normal GetUpdate request", "result":"", "context":cV=aoMdJRAEe+oj5HwXvJ+Ya2
Nudged types: Device Info, User Consents
Refresh requested types: Bookmarks, Preferences, Passwords, Autofill Profiles, Autofill, Autofill Custom Data, Extensions, Extension settings, Device Info, User Consents, Send Tab To Self, Web Apps, Collection, Edge E Drop, Encryption Keys}
{"logTime": "0321/210723", "correlationVector":"aoMdJRAEe+oj5HwXvJ+Ya2.1","action":"SyncServerConnectionManagerRequest", "result":"SYNC_SERVER_OK", "context":{"environment":"Prod_WestEurope_000l", "migrationStage":"NotStarted", "server":"GENERAL0100000J"}}
{"logTime": "0321/210724", "correlationVector":"aoMdJRAEe+oj5HwXvJ+Ya2.2","action":"GetUpdates Response", "result":"SYNCER_OK", "context":Received 0 update(s). cV=aoMdJRAEe+oj5HwXvJ+Ya2.0;server=GENERAL0100000J;cloudType=Consumer;environment=Prod_WestEurope_000l;migrationStage=NotStarted}
{"logTime": "0321/210724", "correlationVector":"YvYLyy7I69HtkpMnf9TeeM","action":"Commit Request", "result":"", "context":Item count: 1
Contributing types: Device Info}
{"logTime": "0321/210724", "correlationVector":"YvYLyy7I69HtkpMnf9TeeM.1","action":"SyncServerConnectionManagerRequest", "result":"SYNC_SERVER_OK", "context":{"environment":"Prod_WestEurope_000l", "migrationStage":"NotStarted", "server":"GENERAL0100001Z"}}
{"logTime": "0321/210724", "correlationVector":"YvYLyy7I69HtkpMnf9TeeM.2","action":"Commit Response", "result":"SYNCER_OK", "context":Result: SYNCER_OK. cV=YvYLyy7I69HtkpMnf9TeeM.0;server=GENERAL0100001Z;cloudType=Consumer;environment=Prod_WestEurope_000l;migrationStage=NotStarted}
{"logTime": "0321/210724", "correlationVector":"JtWnNG6+3M6uT4y/zsBPut","action":"Commit Request", "result":"", "context":Item count: 1
Contributing types: User Consents}
{"logTime": "0321/210724", "correlationVector":"JtWnNG6+3M6uT4y/zsBPut.1","action":"SyncServerConnectionManagerRequest", "result":"SYNC_SERVER_OK", "context":{"environment":"Prod_WestEurope_000l", "migrationStage":"NotStarted", "server":"GENERAL01000002"}}
{"logTime": "0321/210724", "correlationVector":"JtWnNG6+3M6uT4y/zsBPut.2","action":"Commit Response", "result":"SYNCER_OK", "context":Result: SYNCER_OK. cV=JtWnNG6+3M6uT4y/zsBPut.0;server=GENERAL01000002;cloudType=Consumer;environment=Prod_WestEurope_000l;migrationStage=NotStarted}
{"logTime": "0321/210724", "correlationVector":"29cHIIOPE4Ij5EKvshc6wt","action":"Normal GetUpdate request", "result":"", "context":cV=29cHIIOPE4Ij5EKvshc6wt
Nudged types: Device Info}
{"logTime": "0321/210724", "correlationVector":"29cHIIOPE4Ij5EKvshc6wt.1","action":"SyncServerConnectionManagerRequest", "result":"SYNC_SERVER_OK", "context":{"environment":"Prod_WestEurope_000l", "migrationStage":"NotStarted", "server":"GENERAL0100000O"}}
{"logTime": "0321/210724", "correlationVector":"29cHIIOPE4Ij5EKvshc6wt.2","action":"GetUpdates Response", "result":"SERVER_MORE_TO_DOWNLOAD", "context":Received 250 update(s).  Some updates remain.}
{"logTime": "0321/210724", "correlationVector":"eYQBiTlWOTXIV3GYcz3SwP","action":"Normal GetUpdate request", "result":"", "context":cV=eYQBiTlWOTXIV3GYcz3SwP
Nudged types: Device Info}
{"logTime": "0321/210724", "correlationVector":"eYQBiTlWOTXIV3GYcz3SwP.1","action":"SyncServerConnectionManagerRequest", "result":"SYNC_SERVER_OK", "context":{"environment":"Prod_NorthEurope_000h", "migrationStage":"NotStarted", "server":"GENERAL0100001T"}}
{"logTime": "0321/210724", "correlationVector":"eYQBiTlWOTXIV3GYcz3SwP.2","action":"GetUpdates Response", "result":"SERVER_MORE_TO_DOWNLOAD", "context":Received 250 update(s).  Some updates remain.}
{"logTime": "0321/210724", "correlationVector":"4kdj2eXb13tzAZHtkN+uA7","action":"Normal GetUpdate request", "result":"", "context":cV=4kdj2eXb13tzAZHtkN+uA7
Nudged types: Device Info}
{"logTime": "0321/210724", "correlationVector":"4kdj2eXb13tzAZHtkN+uA7.1","action":"SyncServerConnectionManagerRequest", "result":"SYNC_SERVER_OK", "context":{"environment":"Prod_WestEurope_000l", "migrationStage":"NotStarted", "server":"GENERAL0100001Z"}}
{"logTime": "0321/210724", "correlationVector":"4kdj2eXb13tzAZHtkN+uA7.2","action":"GetUpdates Response", "result":"SERVER_MORE_TO_DOWNLOAD", "context":Received 250 update(s).  Some updates remain.}
{"logTime": "0321/210724", "correlationVector":"OnAKlXdwaHMeYJ85e83Jx1","action":"Normal GetUpdate request", "result":"", "context":cV=OnAKlXdwaHMeYJ85e83Jx1
Nudged types: Device Info}
{"logTime": "0321/210724", "correlationVector":"OnAKlXdwaHMeYJ85e83Jx1.1","action":"SyncServerConnectionManagerRequest", "result":"SYNC_SERVER_OK", "context":{"environment":"Prod_WestEurope_000l", "migrationStage":"NotStarted", "server":"GENERAL0100000P"}}
{"logTime": "0321/210724", "correlationVector":"OnAKlXdwaHMeYJ85e83Jx1.2","action":"GetUpdates Response", "result":"SERVER_MORE_TO_DOWNLOAD", "context":Received 250 update(s).  Some updates remain.}
{"logTime": "0321/210724", "correlationVector":"kfvWELp7ermVhVyPTxuzs6","action":"Normal GetUpdate request", "result":"", "context":cV=kfvWELp7ermVhVyPTxuzs6
Nudged types: Device Info}
{"logTime": "0321/210724", "correlationVector":"kfvWELp7ermVhVyPTxuzs6.1","action":"SyncServerConnectionManagerRequest", "result":"SYNC_SERVER_OK", "context":{"environment":"Prod_WestEurope_000l", "migrationStage":"NotStarted", "server":"GENERAL01000004"}}
{"logTime": "0321/210724", "correlationVector":"kfvWELp7ermVhVyPTxuzs6.2","action":"GetUpdates Response", "result":"SERVER_MORE_TO_DOWNLOAD", "context":Received 250 update(s).  Some updates remain.}
{"logTime": "0321/210724", "correlationVector":"dnzt+S4GGWTlBsWP/RbC3H","action":"Normal GetUpdate request", "result":"", "context":cV=dnzt+S4GGWTlBsWP/RbC3H
Nudged types: Device Info}
{"logTime": "0321/210724", "correlationVector":"dnzt+S4GGWTlBsWP/RbC3H.1","action":"SyncServerConnectionManagerRequest", "result":"SYNC_SERVER_OK", "context":{"environment":"Prod_WestEurope_000l", "migrationStage":"NotStarted", "server":"GENERAL0100000X"}}
{"logTime": "0321/210724", "correlationVector":"dnzt+S4GGWTlBsWP/RbC3H.2","action":"GetUpdates Response", "result":"SERVER_MORE_TO_DOWNLOAD", "context":Received 250 update(s).  Some updates remain.}
{"logTime": "0321/210724", "correlationVector":"u1ThW9zUy0nQeWsnZf62dU","action":"Normal GetUpdate request", "result":"", "context":cV=u1ThW9zUy0nQeWsnZf62dU
Nudged types: Device Info}
{"logTime": "0321/210724", "correlationVector":"u1ThW9zUy0nQeWsnZf62dU.1","action":"SyncServerConnectionManagerRequest", "result":"SYNC_SERVER_OK", "context":{"environment":"Prod_WestEurope_000l", "migrationStage":"NotStarted", "server":"GENERAL01000004"}}
{"logTime": "0321/210724", "correlationVector":"u1ThW9zUy0nQeWsnZf62dU.2","action":"GetUpdates Response", "result":"SYNCER_OK", "context":Received 164 update(s). cV=u1ThW9zUy0nQeWsnZf62dU.0;server=GENERAL01000004;cloudType=Consumer;environment=Prod_WestEurope_000l;migrationStage=NotStarted}
{"logTime": "0321/210724", "correlationVector":"gRiXK/BFrmtcyZs9FZOtXp","action":"Initial GetUpdates", "result":"", "context":Reason: RECONFIGURATION. cV=gRiXK/BFrmtcyZs9FZOtXp}
{"logTime": "0321/210724", "correlationVector":"gRiXK/BFrmtcyZs9FZOtXp.1","action":"SyncServerConnectionManagerRequest", "result":"SYNC_SERVER_OK", "context":{"environment":"Prod_WestEurope_000l", "migrationStage":"NotStarted", "server":"GENERAL0100000E"}}
{"logTime": "0321/210724", "correlationVector":"gRiXK/BFrmtcyZs9FZOtXp.2","action":"GetUpdates", "result":"DeleteReceived", "context":{"id":"2849b713-0542-4b6c-a582-570ada37c967", "isDeleted:":"true", "version":"1671918858034"}}
{"logTime": "0321/210724", "correlationVector":"gRiXK/BFrmtcyZs9FZOtXp.3","action":"GetUpdates", "result":"DeleteReceived", "context":{"id":"7986e435-db33-48b9-8c7d-f576c0459ab0", "isDeleted:":"true", "version":"1672000847818"}}
{"logTime": "0321/210724", "correlationVector":"gRiXK/BFrmtcyZs9FZOtXp.4","action":"GetUpdates", "result":"DeleteReceived", "context":{"id":"2ac863ae-e97c-435a-8336-2f10e0299b7c", "isDeleted:":"true", "version":"1672000847819"}}
{"logTime": "0321/210724", "correlationVector":"gRiXK/BFrmtcyZs9FZOtXp.5","action":"GetUpdates", "result":"DeleteReceived", "context":{"id":"2ebdde34-86fb-4712-98aa-31fd9a87e501", "isDeleted:":"true", "version":"1672000847820"}}
{"logTime": "0321/210724", "correlationVector":"gRiXK/BFrmtcyZs9FZOtXp.6","action":"GetUpdates", "result":"DeleteReceived", "context":{"id":"5bafe8d1-cee7-452e-93b3-ab4e726a045a", "isDeleted:":"true", "version":"1672000847821"}}
{"logTime": "0321/210724", "correlationVector":"gRiXK/BFrmtcyZs9FZOtXp.7","action":"GetUpdates", "result":"DeleteReceived", "context":{"id":"1374aae2-2c09-491d-adf2-5a608b9085cc", "isDeleted:":"true", "version":"1672000847822"}}
{"logTime": "0321/210724", "correlationVector":"gRiXK/BFrmtcyZs9FZOtXp.8","action":"GetUpdates", "result":"DeleteReceived", "context":{"id":"4c63886b-e05b-442f-906d-d8be089bf204", "isDeleted:":"true", "version":"1672000847823"}}
{"logTime": "0321/210724", "correlationVector":"gRiXK/BFrmtcyZs9FZOtXp.9","action":"GetUpdates", "result":"DeleteReceived", "context":{"id":"96818175-d27d-42cd-b06f-a20b7dfa19be", "isDeleted:":"true", "version":"1672000847824"}}
{"logTime": "0321/210724", "correlationVector":"gRiXK/BFrmtcyZs9FZOtXp.10","action":"GetUpdates", "result":"DeleteReceived", "context":{"id":"1042a88e-52ad-49d3-9caf-3e210890c1fa", "isDeleted:":"true", "version":"1672952533282"}}
{"logTime": "0321/210724", "correlationVector":"gRiXK/BFrmtcyZs9FZOtXp.11","action":"GetUpdates", "result":"DeleteReceived", "context":{"id":"80b6a55e-2740-4b30-8bfa-2ad2a1238fa0", "isDeleted:":"true", "version":"1672952533283"}}
{"logTime": "0321/210724", "correlationVector":"gRiXK/BFrmtcyZs9FZOtXp.12","action":"GetUpdates", "result":"DeleteReceived", "context":{"id":"b95c6241-bbf5-4c4a-9821-efadab16f84b", "isDeleted:":"true", "version":"1673032110500"}}
{"logTime": "0321/210724", "correlationVector":"gRiXK/BFrmtcyZs9FZOtXp.13","action":"GetUpdates", "result":"DeleteReceived", "context":{"id":"af2e60b5-dca6-43e7-9077-23f1cd7a0b68", "isDeleted:":"true", "version":"1673032110501"}}
{"logTime": "0321/210724", "correlationVector":"gRiXK/BFrmtcyZs9FZOtXp.14","action":"GetUpdates Response", "result":"SYNCER_OK", "context":Received 15 update(s). cV=gRiXK/BFrmtcyZs9FZOtXp.0;server=GENERAL0100000E;cloudType=Consumer;environment=Prod_WestEurope_000l;migrationStage=NotStarted}
{"logTime": "0321/210724", "correlationVector":"YijDJYAOqfnDnTjqTO7Kha","action":"Normal GetUpdate request", "result":"", "context":cV=YijDJYAOqfnDnTjqTO7Kha
Nudged types: Sessions, Device Info
Refresh requested types: Bookmarks, Preferences, Passwords, Autofill Profiles, Autofill, Autofill Custom Data, Typed URLs, Extensions, Sessions, Extension settings, History Delete Directives, Device Info, User Consents, Send Tab To Self, Web Apps, Collection, Edge E Drop, Encryption Keys}
{"logTime": "0321/210724", "correlationVector":"YijDJYAOqfnDnTjqTO7Kha.1","action":"SyncServerConnectionManagerRequest", "result":"SYNC_SERVER_OK", "context":{"environment":"Prod_WestEurope_000l", "migrationStage":"NotStarted", "server":"GENERAL0100001B"}}
{"logTime": "0321/210724", "correlationVector":"YijDJYAOqfnDnTjqTO7Kha.2","action":"GetUpdates Response", "result":"SYNCER_OK", "context":Received 0 update(s). cV=YijDJYAOqfnDnTjqTO7Kha.0;server=GENERAL0100001B;cloudType=Consumer;environment=Prod_WestEurope_000l;migrationStage=NotStarted}
{"logTime": "0321/210724", "correlationVector":"10ml3yfS2r5TU6Yi1qpGmy","action":"Commit Request", "result":"", "context":Item count: 1
Contributing types: Device Info}
{"logTime": "0321/210725", "correlationVector":"10ml3yfS2r5TU6Yi1qpGmy.1","action":"SyncServerConnectionManagerRequest", "result":"SYNC_SERVER_OK", "context":{"environment":"Prod_WestEurope_000l", "migrationStage":"NotStarted", "server":"GENERAL0100001B"}}
{"logTime": "0321/210725", "correlationVector":"10ml3yfS2r5TU6Yi1qpGmy.2","action":"Commit Response", "result":"SYNCER_OK", "context":Result: SYNCER_OK. cV=10ml3yfS2r5TU6Yi1qpGmy.0;server=GENERAL0100001B;cloudType=Consumer;environment=Prod_WestEurope_000l;migrationStage=NotStarted}
{"logTime": "0321/210725", "correlationVector":"M5QDolKT/Kv+qTRsYL05UT","action":"Commit Request", "result":"", "context":Item count: 2
Contributing types: Sessions}
{"logTime": "0321/210725", "correlationVector":"M5QDolKT/Kv+qTRsYL05UT.1","action":"SyncServerConnectionManagerRequest", "result":"SYNC_SERVER_OK", "context":{"environment":"Prod_WestEurope_000l", "migrationStage":"NotStarted", "server":"GENERAL0100000Z"}}
{"logTime": "0321/210725", "correlationVector":"M5QDolKT/Kv+qTRsYL05UT.2","action":"Commit Response", "result":"SYNCER_OK", "context":Result: SYNCER_OK. cV=M5QDolKT/Kv+qTRsYL05UT.0;server=GENERAL0100000Z;cloudType=Consumer;environment=Prod_WestEurope_000l;migrationStage=NotStarted}
{"logTime": "0321/210737", "correlationVector":"y6Ckc5g1n87WwdWQWCwoAV","action":"Poll GetUpdate request", "result":"", "context":cV=y6Ckc5g1n87WwdWQWCwoAV}
{"logTime": "0321/210737", "correlationVector":"y6Ckc5g1n87WwdWQWCwoAV.1","action":"SyncServerConnectionManagerRequest", "result":"SYNC_SERVER_OK", "context":{"environment":"Prod_WestEurope_000l", "migrationStage":"NotStarted", "server":"GENERAL01000017"}}
{"logTime": "0321/210737", "correlationVector":"y6Ckc5g1n87WwdWQWCwoAV.2","action":"GetUpdates Response", "result":"SERVER_MORE_TO_DOWNLOAD", "context":Received 250 update(s).  Some updates remain.}
{"logTime": "0321/210737", "correlationVector":"RQ0p6nlMZsxo6t/k5GjUg8","action":"Poll GetUpdate request", "result":"", "context":cV=RQ0p6nlMZsxo6t/k5GjUg8}
{"logTime": "0321/210738", "correlationVector":"RQ0p6nlMZsxo6t/k5GjUg8.1","action":"SyncServerConnectionManagerRequest", "result":"SYNC_SERVER_OK", "context":{"environment":"Prod_WestEurope_000l", "migrationStage":"NotStarted", "server":"GENERAL0100000L"}}
{"logTime": "0321/210738", "correlationVector":"RQ0p6nlMZsxo6t/k5GjUg8.2","action":"GetUpdates Response", "result":"SERVER_MORE_TO_DOWNLOAD", "context":Received 250 update(s).  Some updates remain.}
{"logTime": "0321/210738", "correlationVector":"LzbI1NJMvxgs+vBj+CoH4d","action":"Poll GetUpdate request", "result":"", "context":cV=LzbI1NJMvxgs+vBj+CoH4d}
{"logTime": "0321/210738", "correlationVector":"LzbI1NJMvxgs+vBj+CoH4d.1","action":"SyncServerConnectionManagerRequest", "result":"SYNC_SERVER_OK", "context":{"environment":"Prod_WestEurope_000l", "migrationStage":"NotStarted", "server":"GENERAL0100000J"}}
{"logTime": "0321/210738", "correlationVector":"LzbI1NJMvxgs+vBj+CoH4d.2","action":"GetUpdates Response", "result":"SERVER_MORE_TO_DOWNLOAD", "context":Received 250 update(s).  Some updates remain.}
{"logTime": "0321/210738", "correlationVector":"GpKlsE8l6UAiXaBUJIYPi3","action":"Poll GetUpdate request", "result":"", "context":cV=GpKlsE8l6UAiXaBUJIYPi3}
{"logTime": "0321/210739", "correlationVector":"GpKlsE8l6UAiXaBUJIYPi3.1","action":"SyncServerConnectionManagerRequest", "result":"SYNC_SERVER_OK", "context":{"environment":"Prod_WestEurope_000l", "migrationStage":"NotStarted", "server":"GENERAL0100001A"}}
{"logTime": "0321/210739", "correlationVector":"GpKlsE8l6UAiXaBUJIYPi3.2","action":"GetUpdates Response", "result":"SERVER_MORE_TO_DOWNLOAD", "context":Received 250 update(s).  Some updates remain.}
{"logTime": "0321/210739", "correlationVector":"xusPMDM/d3dlof+j8J0yKE","action":"Poll GetUpdate request", "result":"", "context":cV=xusPMDM/d3dlof+j8J0yKE}
{"logTime": "0321/210739", "correlationVector":"xusPMDM/d3dlof+j8J0yKE.1","action":"SyncServerConnectionManagerRequest", "result":"SYNC_SERVER_OK", "context":{"environment":"Prod_WestEurope_000l", "migrationStage":"NotStarted", "server":"GENERAL01000027"}}
{"logTime": "0321/210739", "correlationVector":"xusPMDM/d3dlof+j8J0yKE.2","action":"GetUpdates Response", "result":"SERVER_MORE_TO_DOWNLOAD", "context":Received 250 update(s).  Some updates remain.}
{"logTime": "0321/210739", "correlationVector":"YrcWS2gnFCE8dnKNdulSKd","action":"Poll GetUpdate request", "result":"", "context":cV=YrcWS2gnFCE8dnKNdulSKd}
{"logTime": "0321/210740", "correlationVector":"YrcWS2gnFCE8dnKNdulSKd.1","action":"SyncServerConnectionManagerRequest", "result":"SYNC_SERVER_OK", "context":{"environment":"Prod_WestEurope_000l", "migrationStage":"NotStarted", "server":"GENERAL01000005"}}
{"logTime": "0321/210740", "correlationVector":"YrcWS2gnFCE8dnKNdulSKd.2","action":"GetUpdates Response", "result":"SERVER_MORE_TO_DOWNLOAD", "context":Received 250 update(s).  Some updates remain.}
{"logTime": "0321/210740", "correlationVector":"LDFlktAgH+as8wUrpBApZF","action":"Poll GetUpdate request", "result":"", "context":cV=LDFlktAgH+as8wUrpBApZF}
{"logTime": "0321/210740", "correlationVector":"LDFlktAgH+as8wUrpBApZF.1","action":"SyncServerConnectionManagerRequest", "result":"SYNC_SERVER_OK", "context":{"environment":"Prod_WestEurope_000l", "migrationStage":"NotStarted", "server":"GENERAL01000022"}}
{"logTime": "0321/210740", "correlationVector":"LDFlktAgH+as8wUrpBApZF.2","action":"GetUpdates Response", "result":"SYNCER_OK", "context":Received 171 update(s). cV=LDFlktAgH+as8wUrpBApZF.0;server=GENERAL01000022;cloudType=Consumer;environment=Prod_WestEurope_000l;migrationStage=NotStarted}
{"logTime": "0321/212252", "correlationVector":"2pnW9v9IEtuBbo6YWttud7","action":"Commit Request", "result":"", "context":Item count: 1
Contributing types: Sessions}
{"logTime": "0321/212252", "correlationVector":"2pnW9v9IEtuBbo6YWttud7.1","action":"SyncServerConnectionManagerRequest", "result":"SYNC_SERVER_OK", "context":{"environment":"Prod_WestEurope_000l", "migrationStage":"NotStarted", "server":"GENERAL0100000E"}}
{"logTime": "0321/212252", "correlationVector":"2pnW9v9IEtuBbo6YWttud7.2","action":"Commit Response", "result":"SYNCER_OK", "context":Result: SYNCER_OK. cV=2pnW9v9IEtuBbo6YWttud7.0;server=GENERAL0100000E;cloudType=Consumer;environment=Prod_WestEurope_000l;migrationStage=NotStarted}
{"logTime": "0321/212403", "correlationVector":"9Dgn+gb0uHwMnUIIT+mv/8","action":"Commit Request", "result":"", "context":Item count: 1
Contributing types: Sessions}
{"logTime": "0321/212403", "correlationVector":"9Dgn+gb0uHwMnUIIT+mv/8.1","action":"SyncServerConnectionManagerRequest", "result":"SYNC_SERVER_OK", "context":{"environment":"Prod_NorthEurope_000h", "migrationStage":"NotStarted", "server":"general01000021"}}
{"logTime": "0321/212403", "correlationVector":"9Dgn+gb0uHwMnUIIT+mv/8.2","action":"Commit Response", "result":"SYNCER_OK", "context":Result: SYNCER_OK. cV=9Dgn+gb0uHwMnUIIT+mv/8.0;server=general01000021;cloudType=Consumer;environment=Prod_NorthEurope_000h;migrationStage=NotStarted}
{"logTime": "0321/212523", "correlationVector":"XcH9/jNFOrCIkL6fPNB4sM","action":"Commit Request", "result":"", "context":Item count: 1
Contributing types: Sessions}
{"logTime": "0321/212524", "correlationVector":"XcH9/jNFOrCIkL6fPNB4sM.1","action":"SyncServerConnectionManagerRequest", "result":"SYNC_SERVER_OK", "context":{"environment":"Prod_WestEurope_000l", "migrationStage":"NotStarted", "server":"GENERAL01000016"}}
{"logTime": "0321/212524", "correlationVector":"XcH9/jNFOrCIkL6fPNB4sM.2","action":"Commit Response", "result":"SYNCER_OK", "context":Result: SYNCER_OK. cV=XcH9/jNFOrCIkL6fPNB4sM.0;server=GENERAL01000016;cloudType=Consumer;environment=Prod_WestEurope_000l;migrationStage=NotStarted}
{"logTime": "0321/212601", "correlationVector":"2TXJ8BcyFp6FIvN5UAgqOw","action":"Commit Request", "result":"", "context":Item count: 1
Contributing types: Sessions}
{"logTime": "0321/212601", "correlationVector":"2TXJ8BcyFp6FIvN5UAgqOw.1","action":"SyncServerConnectionManagerRequest", "result":"SYNC_SERVER_OK", "context":{"environment":"Prod_WestEurope_000l", "migrationStage":"NotStarted", "server":"GENERAL01000016"}}
{"logTime": "0321/212601", "correlationVector":"2TXJ8BcyFp6FIvN5UAgqOw.2","action":"Commit Response", "result":"SYNCER_OK", "context":Result: SYNCER_OK. cV=2TXJ8BcyFp6FIvN5UAgqOw.0;server=GENERAL01000016;cloudType=Consumer;environment=Prod_WestEurope_000l;migrationStage=NotStarted}
{"logTime": "0321/212634", "correlationVector":"Gy8ZSBkEtRmjvY1L9poYFu","action":"Commit Request", "result":"", "context":Item count: 1
Contributing types: Sessions}
{"logTime": "0321/212634", "correlationVector":"Gy8ZSBkEtRmjvY1L9poYFu.1","action":"SyncServerConnectionManagerRequest", "result":"SYNC_SERVER_OK", "context":{"environment":"Prod_WestEurope_000l", "migrationStage":"NotStarted", "server":"GENERAL0100000X"}}
{"logTime": "0321/212634", "correlationVector":"Gy8ZSBkEtRmjvY1L9poYFu.2","action":"Commit Response", "result":"SYNCER_OK", "context":Result: SYNCER_OK. cV=Gy8ZSBkEtRmjvY1L9poYFu.0;server=GENERAL0100000X;cloudType=Consumer;environment=Prod_WestEurope_000l;migrationStage=NotStarted}
{"logTime": "0321/213044", "correlationVector":"iiUxY3uCud0+kUr4UDA4bA","action":"Commit Request", "result":"", "context":Item count: 1
Contributing types: Sessions}
{"logTime": "0321/213044", "correlationVector":"iiUxY3uCud0+kUr4UDA4bA.1","action":"SyncServerConnectionManagerRequest", "result":"SYNC_SERVER_OK", "context":{"environment":"Prod_WestEurope_000l", "migrationStage":"NotStarted", "server":"GENERAL01000019"}}
{"logTime": "0321/213044", "correlationVector":"iiUxY3uCud0+kUr4UDA4bA.2","action":"Commit Response", "result":"SYNCER_OK", "context":Result: SYNCER_OK. cV=iiUxY3uCud0+kUr4UDA4bA.0;server=GENERAL01000019;cloudType=Consumer;environment=Prod_WestEurope_000l;migrationStage=NotStarted}
{"logTime": "0321/213206", "correlationVector":"wbansAx3ILwiq6e/85SPlk","action":"Commit Request", "result":"", "context":Item count: 1
Contributing types: Sessions}
{"logTime": "0321/213207", "correlationVector":"wbansAx3ILwiq6e/85SPlk.1","action":"SyncServerConnectionManagerRequest", "result":"SYNC_SERVER_OK", "context":{"environment":"Prod_WestEurope_000l", "migrationStage":"NotStarted", "server":"GENERAL0100000F"}}
{"logTime": "0321/213207", "correlationVector":"wbansAx3ILwiq6e/85SPlk.2","action":"Commit Response", "result":"SYNCER_OK", "context":Result: SYNCER_OK. cV=wbansAx3ILwiq6e/85SPlk.0;server=GENERAL0100000F;cloudType=Consumer;environment=Prod_WestEurope_000l;migrationStage=NotStarted}
{"logTime": "0321/213241", "correlationVector":"jAUc9DHks4dJf1KFVqEY5y","action":"Commit Request", "result":"", "context":Item count: 1
Contributing types: Sessions}
{"logTime": "0321/213241", "correlationVector":"jAUc9DHks4dJf1KFVqEY5y.1","action":"SyncServerConnectionManagerRequest", "result":"SYNC_SERVER_OK", "context":{"environment":"Prod_WestEurope_000l", "migrationStage":"NotStarted", "server":"GENERAL01000019"}}
{"logTime": "0321/213241", "correlationVector":"jAUc9DHks4dJf1KFVqEY5y.2","action":"Commit Response", "result":"SYNCER_OK", "context":Result: SYNCER_OK. cV=jAUc9DHks4dJf1KFVqEY5y.0;server=GENERAL01000019;cloudType=Consumer;environment=Prod_WestEurope_000l;migrationStage=NotStarted}
{"logTime": "0321/213828", "correlationVector":"+73/EN4FQeF4uHIVkSTeN2","action":"Commit Request", "result":"", "context":Item count: 2
Contributing types: Passwords, Sessions}
{"logTime": "0321/213829", "correlationVector":"+73/EN4FQeF4uHIVkSTeN2.1","action":"SyncServerConnectionManagerRequest", "result":"SYNC_SERVER_OK", "context":{"environment":"Prod_WestEurope_x00e", "migrationStage":"NotStarted", "server":"general0100001V"}}
{"logTime": "0321/213829", "correlationVector":"+73/EN4FQeF4uHIVkSTeN2.2","action":"Commit Response", "result":"SYNCER_OK", "context":Result: SYNCER_OK. cV=+73/EN4FQeF4uHIVkSTeN2.0;server=general0100001V;cloudType=Consumer;environment=Prod_WestEurope_x00e;migrationStage=NotStarted}
{"logTime": "0321/215509", "correlationVector":"3stfVcCwbAVukJ69VbjmxG","action":"Commit Request", "result":"", "context":Item count: 1
Contributing types: Sessions}
{"logTime": "0321/215510", "correlationVector":"3stfVcCwbAVukJ69VbjmxG.1","action":"SyncServerConnectionManagerRequest", "result":"SYNC_SERVER_OK", "context":{"environment":"Prod_WestEurope_000l", "migrationStage":"NotStarted", "server":"GENERAL0100001D"}}
{"logTime": "0321/215510", "correlationVector":"3stfVcCwbAVukJ69VbjmxG.2","action":"Commit Response", "result":"SYNCER_OK", "context":Result: SYNCER_OK. cV=3stfVcCwbAVukJ69VbjmxG.0;server=GENERAL0100001D;cloudType=Consumer;environment=Prod_WestEurope_000l;migrationStage=NotStarted}
{"logTime": "0321/215640", "correlationVector":"QyPBh6s9oC0WH1xjoh/Ynh","action":"Commit Request", "result":"", "context":Item count: 2
Contributing types: Passwords, Sessions}
{"logTime": "0321/215640", "correlationVector":"QyPBh6s9oC0WH1xjoh/Ynh.1","action":"SyncServerConnectionManagerRequest", "result":"SYNC_SERVER_OK", "context":{"environment":"Prod_WestEurope_000l", "migrationStage":"NotStarted", "server":"GENERAL0100000M"}}
{"logTime": "0321/215640", "correlationVector":"QyPBh6s9oC0WH1xjoh/Ynh.2","action":"Commit Response", "result":"SYNCER_OK", "context":Result: SYNCER_OK. cV=QyPBh6s9oC0WH1xjoh/Ynh.0;server=GENERAL0100000M;cloudType=Consumer;environment=Prod_WestEurope_000l;migrationStage=NotStarted}
{"logTime": "0321/215715", "correlationVector":"fjA2IEFc0w6fk+F7bHrdAE","action":"Commit Request", "result":"", "context":Item count: 1
Contributing types: Sessions}
{"logTime": "0321/215715", "correlationVector":"fjA2IEFc0w6fk+F7bHrdAE.1","action":"SyncServerConnectionManagerRequest", "result":"SYNC_SERVER_OK", "context":{"environment":"Prod_WestEurope_000l", "migrationStage":"NotStarted", "server":"GENERAL0100001A"}}
{"logTime": "0321/215715", "correlationVector":"fjA2IEFc0w6fk+F7bHrdAE.2","action":"Commit Response", "result":"SYNCER_OK", "context":Result: SYNCER_OK. cV=fjA2IEFc0w6fk+F7bHrdAE.0;server=GENERAL0100001A;cloudType=Consumer;environment=Prod_WestEurope_000l;migrationStage=NotStarted}
{"logTime": "0321/215901", "correlationVector":"p0wpJ9nQO/3iN2UeBhc+YF","action":"Commit Request", "result":"", "context":Item count: 3
Contributing types: Sessions}
{"logTime": "0321/215902", "correlationVector":"p0wpJ9nQO/3iN2UeBhc+YF.1","action":"SyncServerConnectionManagerRequest", "result":"SYNC_SERVER_OK", "context":{"environment":"Prod_WestEurope_000l", "migrationStage":"NotStarted", "server":"GENERAL0100000V"}}
{"logTime": "0321/215902", "correlationVector":"p0wpJ9nQO/3iN2UeBhc+YF.2","action":"Commit Response", "result":"SYNCER_OK", "context":Result: SYNCER_OK. cV=p0wpJ9nQO/3iN2UeBhc+YF.0;server=GENERAL0100000V;cloudType=Consumer;environment=Prod_WestEurope_000l;migrationStage=NotStarted}
{"logTime": "0321/215932", "correlationVector":"z1M7189z9/85wUaFZij5ct","action":"Commit Request", "result":"", "context":Item count: 1
Contributing types: Sessions}
{"logTime": "0321/215932", "correlationVector":"z1M7189z9/85wUaFZij5ct.1","action":"SyncServerConnectionManagerRequest", "result":"SYNC_SERVER_OK", "context":{"environment":"Prod_WestEurope_000l", "migrationStage":"NotStarted", "server":"GENERAL0100000N"}}
{"logTime": "0321/215932", "correlationVector":"z1M7189z9/85wUaFZij5ct.2","action":"Commit Response", "result":"SYNCER_OK", "context":Result: SYNCER_OK. cV=z1M7189z9/85wUaFZij5ct.0;server=GENERAL0100000N;cloudType=Consumer;environment=Prod_WestEurope_000l;migrationStage=NotStarted}
{"logTime": "0321/220349", "correlationVector":"LvVFWF2bxVG0gY38vvirkm","action":"Commit Request", "result":"", "context":Item count: 1
Contributing types: Sessions}
{"logTime": "0321/220350", "correlationVector":"LvVFWF2bxVG0gY38vvirkm.1","action":"SyncServerConnectionManagerRequest", "result":"SYNC_SERVER_OK", "context":{"environment":"Prod_WestEurope_000l", "migrationStage":"NotStarted", "server":"GENERAL01000011"}}
{"logTime": "0321/220350", "correlationVector":"LvVFWF2bxVG0gY38vvirkm.2","action":"Commit Response", "result":"SYNCER_OK", "context":Result: SYNCER_OK. cV=LvVFWF2bxVG0gY38vvirkm.0;server=GENERAL01000011;cloudType=Consumer;environment=Prod_WestEurope_000l;migrationStage=NotStarted}
{"logTime": "0321/220617", "correlationVector":"wezSPhgm2O20M67+po7Y2v","action":"Commit Request", "result":"", "context":Item count: 1
Contributing types: Sessions}
{"logTime": "0321/220617", "correlationVector":"wezSPhgm2O20M67+po7Y2v.1","action":"SyncServerConnectionManagerRequest", "result":"SYNC_SERVER_OK", "context":{"environment":"Prod_WestEurope_x00e", "migrationStage":"NotStarted", "server":"general0100000T"}}
{"logTime": "0321/220617", "correlationVector":"wezSPhgm2O20M67+po7Y2v.2","action":"Commit Response", "result":"SYNCER_OK", "context":Result: SYNCER_OK. cV=wezSPhgm2O20M67+po7Y2v.0;server=general0100000T;cloudType=Consumer;environment=Prod_WestEurope_x00e;migrationStage=NotStarted}
{"logTime": "0321/221339", "correlationVector":"KYZZya9yAD7P7CoFrBcexe","action":"Commit Request", "result":"", "context":Item count: 1
Contributing types: Sessions}
{"logTime": "0321/221339", "correlationVector":"KYZZya9yAD7P7CoFrBcexe.1","action":"SyncServerConnectionManagerRequest", "result":"SYNC_SERVER_OK", "context":{"environment":"Prod_WestEurope_x00e", "migrationStage":"NotStarted", "server":"general0100001E"}}
{"logTime": "0321/221339", "correlationVector":"KYZZya9yAD7P7CoFrBcexe.2","action":"Commit Response", "result":"SYNCER_OK", "context":Result: SYNCER_OK. cV=KYZZya9yAD7P7CoFrBcexe.0;server=general0100001E;cloudType=Consumer;environment=Prod_WestEurope_x00e;migrationStage=NotStarted}
{"logTime": "0321/221437", "correlationVector":"Oa1wgKZyzdPJ8BUuFeFSEl","action":"Commit Request", "result":"", "context":Item count: 2
Contributing types: Sessions}
{"logTime": "0321/221437", "correlationVector":"Oa1wgKZyzdPJ8BUuFeFSEl.1","action":"SyncServerConnectionManagerRequest", "result":"SYNC_SERVER_OK", "context":{"environment":"Prod_WestEurope_x00e", "migrationStage":"NotStarted", "server":"general01000008"}}
{"logTime": "0321/221437", "correlationVector":"Oa1wgKZyzdPJ8BUuFeFSEl.2","action":"Commit Response", "result":"SYNCER_OK", "context":Result: SYNCER_OK. cV=Oa1wgKZyzdPJ8BUuFeFSEl.0;server=general01000008;cloudType=Consumer;environment=Prod_WestEurope_x00e;migrationStage=NotStarted}
{"logTime": "0321/221856", "correlationVector":"7d823IB+yJga2kKTSr44ud","action":"Commit Request", "result":"", "context":Item count: 1
Contributing types: Sessions}
{"logTime": "0321/221856", "correlationVector":"7d823IB+yJga2kKTSr44ud.1","action":"SyncServerConnectionManagerRequest", "result":"SYNC_SERVER_OK", "context":{"environment":"Prod_WestEurope_000l", "migrationStage":"NotStarted", "server":"GENERAL0100000X"}}
{"logTime": "0321/221856", "correlationVector":"7d823IB+yJga2kKTSr44ud.2","action":"Commit Response", "result":"SYNCER_OK", "context":Result: SYNCER_OK. cV=7d823IB+yJga2kKTSr44ud.0;server=GENERAL0100000X;cloudType=Consumer;environment=Prod_WestEurope_000l;migrationStage=NotStarted}
{"logTime": "0321/222133", "correlationVector":"KlFM20gE/vbkrI6MHcZ9Af","action":"Commit Request", "result":"", "context":Item count: 1
Contributing types: Sessions}
{"logTime": "0321/222133", "correlationVector":"KlFM20gE/vbkrI6MHcZ9Af.1","action":"SyncServerConnectionManagerRequest", "result":"SYNC_SERVER_OK", "context":{"environment":"Prod_WestEurope_000l", "migrationStage":"NotStarted", "server":"GENERAL01000010"}}
{"logTime": "0321/222133", "correlationVector":"KlFM20gE/vbkrI6MHcZ9Af.2","action":"Commit Response", "result":"SYNCER_OK", "context":Result: SYNCER_OK. cV=KlFM20gE/vbkrI6MHcZ9Af.0;server=GENERAL01000010;cloudType=Consumer;environment=Prod_WestEurope_000l;migrationStage=NotStarted}
